CRITICAL - 2022-01-10 00:01:13 --> Undefined index: productCode
#0 C:\wamp64\www\pos_project\app\Views\product\productEdit.php(22): CodeIgniter\Debug\Exceptions->errorHandler(8, 'Undefined index...', 'C:\\wamp64\\www\\p...', 22, Array)
#1 C:\wamp64\www\pos_project\system\View\View.php(214): include('C:\\wamp64\\www\\p...')
#2 C:\wamp64\www\pos_project\system\View\View.php(217): CodeIgniter\View\View->CodeIgniter\View\{closure}()
#3 C:\wamp64\www\pos_project\system\Common.php(1097): CodeIgniter\View\View->render('product/product...', Array, true)
#4 C:\wamp64\www\pos_project\app\Controllers\ArrayTest.php(55): view('product/product...', Array)
#5 C:\wamp64\www\pos_project\system\CodeIgniter.php(824): App\Controllers\ArrayTest->EditPage('3')
#6 C:\wamp64\www\pos_project\system\CodeIgniter.php(410): CodeIgniter\CodeIgniter->runController(Object(App\Controllers\ArrayTest))
#7 C:\wamp64\www\pos_project\system\CodeIgniter.php(318): CodeIgniter\CodeIgniter->handleRequest(NULL, Object(Config\Cache), false)
#8 C:\wamp64\www\pos_project\public\index.php(37): CodeIgniter\CodeIgniter->run()
#9 C:\wamp64\www\pos_project\system\Commands\Server\rewrite.php(43): require_once('C:\\wamp64\\www\\p...')
#10 {main}
CRITICAL - 2022-01-10 00:11:36 --> Undefined index: productName
#0 C:\wamp64\www\pos_project\app\Views\product\productEdit.php(16): CodeIgniter\Debug\Exceptions->errorHandler(8, 'Undefined index...', 'C:\\wamp64\\www\\p...', 16, Array)
#1 C:\wamp64\www\pos_project\system\View\View.php(214): include('C:\\wamp64\\www\\p...')
#2 C:\wamp64\www\pos_project\system\View\View.php(217): CodeIgniter\View\View->CodeIgniter\View\{closure}()
#3 C:\wamp64\www\pos_project\system\Common.php(1097): CodeIgniter\View\View->render('product/product...', Array, true)
#4 C:\wamp64\www\pos_project\app\Controllers\ArrayTest.php(55): view('product/product...', Array)
#5 C:\wamp64\www\pos_project\system\CodeIgniter.php(824): App\Controllers\ArrayTest->EditPage('2')
#6 C:\wamp64\www\pos_project\system\CodeIgniter.php(410): CodeIgniter\CodeIgniter->runController(Object(App\Controllers\ArrayTest))
#7 C:\wamp64\www\pos_project\system\CodeIgniter.php(318): CodeIgniter\CodeIgniter->handleRequest(NULL, Object(Config\Cache), false)
#8 C:\wamp64\www\pos_project\public\index.php(37): CodeIgniter\CodeIgniter->run()
#9 C:\wamp64\www\pos_project\system\Commands\Server\rewrite.php(43): require_once('C:\\wamp64\\www\\p...')
#10 {main}
CRITICAL - 2022-01-10 00:12:17 --> Undefined index: productName
#0 C:\wamp64\www\pos_project\app\Views\product\productEdit.php(16): CodeIgniter\Debug\Exceptions->errorHandler(8, 'Undefined index...', 'C:\\wamp64\\www\\p...', 16, Array)
#1 C:\wamp64\www\pos_project\system\View\View.php(214): include('C:\\wamp64\\www\\p...')
#2 C:\wamp64\www\pos_project\system\View\View.php(217): CodeIgniter\View\View->CodeIgniter\View\{closure}()
#3 C:\wamp64\www\pos_project\system\Common.php(1097): CodeIgniter\View\View->render('product/product...', Array, true)
#4 C:\wamp64\www\pos_project\app\Controllers\ArrayTest.php(55): view('product/product...', Array)
#5 C:\wamp64\www\pos_project\system\CodeIgniter.php(824): App\Controllers\ArrayTest->EditPage('2')
#6 C:\wamp64\www\pos_project\system\CodeIgniter.php(410): CodeIgniter\CodeIgniter->runController(Object(App\Controllers\ArrayTest))
#7 C:\wamp64\www\pos_project\system\CodeIgniter.php(318): CodeIgniter\CodeIgniter->handleRequest(NULL, Object(Config\Cache), false)
#8 C:\wamp64\www\pos_project\public\index.php(37): CodeIgniter\CodeIgniter->run()
#9 C:\wamp64\www\pos_project\system\Commands\Server\rewrite.php(43): require_once('C:\\wamp64\\www\\p...')
#10 {main}
CRITICAL - 2022-01-10 00:13:36 --> Cannot use object of type stdClass as array
#0 C:\wamp64\www\pos_project\system\View\View.php(214): include()
#1 C:\wamp64\www\pos_project\system\View\View.php(217): CodeIgniter\View\View->CodeIgniter\View\{closure}()
#2 C:\wamp64\www\pos_project\system\Common.php(1097): CodeIgniter\View\View->render('product/product...', Array, true)
#3 C:\wamp64\www\pos_project\app\Controllers\ArrayTest.php(55): view('product/product...', Array)
#4 C:\wamp64\www\pos_project\system\CodeIgniter.php(824): App\Controllers\ArrayTest->EditPage('2')
#5 C:\wamp64\www\pos_project\system\CodeIgniter.php(410): CodeIgniter\CodeIgniter->runController(Object(App\Controllers\ArrayTest))
#6 C:\wamp64\www\pos_project\system\CodeIgniter.php(318): CodeIgniter\CodeIgniter->handleRequest(NULL, Object(Config\Cache), false)
#7 C:\wamp64\www\pos_project\public\index.php(37): CodeIgniter\CodeIgniter->run()
#8 C:\wamp64\www\pos_project\system\Commands\Server\rewrite.php(43): require_once('C:\\wamp64\\www\\p...')
#9 {main}
CRITICAL - 2022-01-10 00:48:56 --> There is no data to update.
#0 C:\wamp64\www\pos_project\system\BaseModel.php(1574): CodeIgniter\Database\Exceptions\DataException::forEmptyDataset('update')
#1 C:\wamp64\www\pos_project\system\BaseModel.php(832): CodeIgniter\BaseModel->transformDataToArray(NULL, 'update')
#2 C:\wamp64\www\pos_project\system\Model.php(646): CodeIgniter\BaseModel->update(Array, NULL)
#3 C:\wamp64\www\pos_project\app\Controllers\ArrayTest.php(78): CodeIgniter\Model->update(Array)
#4 C:\wamp64\www\pos_project\system\CodeIgniter.php(824): App\Controllers\ArrayTest->UpdatePage('2')
#5 C:\wamp64\www\pos_project\system\CodeIgniter.php(410): CodeIgniter\CodeIgniter->runController(Object(App\Controllers\ArrayTest))
#6 C:\wamp64\www\pos_project\system\CodeIgniter.php(318): CodeIgniter\CodeIgniter->handleRequest(NULL, Object(Config\Cache), false)
#7 C:\wamp64\www\pos_project\public\index.php(37): CodeIgniter\CodeIgniter->run()
#8 C:\wamp64\www\pos_project\system\Commands\Server\rewrite.php(43): require_once('C:\\wamp64\\www\\p...')
#9 {main}
CRITICAL - 2022-01-10 00:49:34 --> There is no data to update.
#0 C:\wamp64\www\pos_project\system\BaseModel.php(1574): CodeIgniter\Database\Exceptions\DataException::forEmptyDataset('update')
#1 C:\wamp64\www\pos_project\system\BaseModel.php(832): CodeIgniter\BaseModel->transformDataToArray(NULL, 'update')
#2 C:\wamp64\www\pos_project\system\Model.php(646): CodeIgniter\BaseModel->update(Array, NULL)
#3 C:\wamp64\www\pos_project\app\Controllers\ArrayTest.php(78): CodeIgniter\Model->update(Array)
#4 C:\wamp64\www\pos_project\system\CodeIgniter.php(824): App\Controllers\ArrayTest->UpdatePage('2')
#5 C:\wamp64\www\pos_project\system\CodeIgniter.php(410): CodeIgniter\CodeIgniter->runController(Object(App\Controllers\ArrayTest))
#6 C:\wamp64\www\pos_project\system\CodeIgniter.php(318): CodeIgniter\CodeIgniter->handleRequest(NULL, Object(Config\Cache), false)
#7 C:\wamp64\www\pos_project\public\index.php(37): CodeIgniter\CodeIgniter->run()
#8 C:\wamp64\www\pos_project\system\Commands\Server\rewrite.php(43): require_once('C:\\wamp64\\www\\p...')
#9 {main}
CRITICAL - 2022-01-10 00:52:52 --> There is no data to update.
#0 C:\wamp64\www\pos_project\system\BaseModel.php(1574): CodeIgniter\Database\Exceptions\DataException::forEmptyDataset('update')
#1 C:\wamp64\www\pos_project\system\BaseModel.php(832): CodeIgniter\BaseModel->transformDataToArray(NULL, 'update')
#2 C:\wamp64\www\pos_project\system\Model.php(646): CodeIgniter\BaseModel->update(Array, NULL)
#3 C:\wamp64\www\pos_project\app\Controllers\ArrayTest.php(78): CodeIgniter\Model->update(Array)
#4 C:\wamp64\www\pos_project\system\CodeIgniter.php(824): App\Controllers\ArrayTest->UpdatePage('2')
#5 C:\wamp64\www\pos_project\system\CodeIgniter.php(410): CodeIgniter\CodeIgniter->runController(Object(App\Controllers\ArrayTest))
#6 C:\wamp64\www\pos_project\system\CodeIgniter.php(318): CodeIgniter\CodeIgniter->handleRequest(NULL, Object(Config\Cache), false)
#7 C:\wamp64\www\pos_project\public\index.php(37): CodeIgniter\CodeIgniter->run()
#8 C:\wamp64\www\pos_project\system\Commands\Server\rewrite.php(43): require_once('C:\\wamp64\\www\\p...')
#9 {main}
CRITICAL - 2022-01-10 01:20:55 --> Undefined index: details
#0 C:\wamp64\www\pos_project\app\Controllers\ArrayTest.php(36): CodeIgniter\Debug\Exceptions->errorHandler(8, 'Undefined index...', 'C:\\wamp64\\www\\p...', 36, Array)
#1 C:\wamp64\www\pos_project\system\CodeIgniter.php(824): App\Controllers\ArrayTest->PostData()
#2 C:\wamp64\www\pos_project\system\CodeIgniter.php(410): CodeIgniter\CodeIgniter->runController(Object(App\Controllers\ArrayTest))
#3 C:\wamp64\www\pos_project\system\CodeIgniter.php(318): CodeIgniter\CodeIgniter->handleRequest(NULL, Object(Config\Cache), false)
#4 C:\wamp64\www\pos_project\public\index.php(37): CodeIgniter\CodeIgniter->run()
#5 C:\wamp64\www\pos_project\system\Commands\Server\rewrite.php(43): require_once('C:\\wamp64\\www\\p...')
#6 {main}
CRITICAL - 2022-01-10 01:23:02 --> Undefined index: details
#0 C:\wamp64\www\pos_project\app\Controllers\ArrayTest.php(37): CodeIgniter\Debug\Exceptions->errorHandler(8, 'Undefined index...', 'C:\\wamp64\\www\\p...', 37, Array)
#1 C:\wamp64\www\pos_project\system\CodeIgniter.php(824): App\Controllers\ArrayTest->PostData()
#2 C:\wamp64\www\pos_project\system\CodeIgniter.php(410): CodeIgniter\CodeIgniter->runController(Object(App\Controllers\ArrayTest))
#3 C:\wamp64\www\pos_project\system\CodeIgniter.php(318): CodeIgniter\CodeIgniter->handleRequest(NULL, Object(Config\Cache), false)
#4 C:\wamp64\www\pos_project\public\index.php(37): CodeIgniter\CodeIgniter->run()
#5 C:\wamp64\www\pos_project\system\Commands\Server\rewrite.php(43): require_once('C:\\wamp64\\www\\p...')
#6 {main}
CRITICAL - 2022-01-10 01:23:38 --> Undefined index: details
#0 C:\wamp64\www\pos_project\app\Controllers\ArrayTest.php(37): CodeIgniter\Debug\Exceptions->errorHandler(8, 'Undefined index...', 'C:\\wamp64\\www\\p...', 37, Array)
#1 C:\wamp64\www\pos_project\system\CodeIgniter.php(824): App\Controllers\ArrayTest->PostData()
#2 C:\wamp64\www\pos_project\system\CodeIgniter.php(410): CodeIgniter\CodeIgniter->runController(Object(App\Controllers\ArrayTest))
#3 C:\wamp64\www\pos_project\system\CodeIgniter.php(318): CodeIgniter\CodeIgniter->handleRequest(NULL, Object(Config\Cache), false)
#4 C:\wamp64\www\pos_project\public\index.php(37): CodeIgniter\CodeIgniter->run()
#5 C:\wamp64\www\pos_project\system\Commands\Server\rewrite.php(43): require_once('C:\\wamp64\\www\\p...')
#6 {main}
CRITICAL - 2022-01-10 01:25:45 --> Undefined index: details
#0 C:\wamp64\www\pos_project\app\Controllers\ArrayTest.php(37): CodeIgniter\Debug\Exceptions->errorHandler(8, 'Undefined index...', 'C:\\wamp64\\www\\p...', 37, Array)
#1 C:\wamp64\www\pos_project\system\CodeIgniter.php(824): App\Controllers\ArrayTest->PostData()
#2 C:\wamp64\www\pos_project\system\CodeIgniter.php(410): CodeIgniter\CodeIgniter->runController(Object(App\Controllers\ArrayTest))
#3 C:\wamp64\www\pos_project\system\CodeIgniter.php(318): CodeIgniter\CodeIgniter->handleRequest(NULL, Object(Config\Cache), false)
#4 C:\wamp64\www\pos_project\public\index.php(37): CodeIgniter\CodeIgniter->run()
#5 C:\wamp64\www\pos_project\system\Commands\Server\rewrite.php(43): require_once('C:\\wamp64\\www\\p...')
#6 {main}
CRITICAL - 2022-01-10 01:25:56 --> array_push() expects parameter 1 to be array, null given
#0 [internal function]: CodeIgniter\Debug\Exceptions->errorHandler(2, 'array_push() ex...', 'C:\\wamp64\\www\\p...', 43, Array)
#1 C:\wamp64\www\pos_project\app\Controllers\ArrayTest.php(43): array_push(NULL, Object(stdClass))
#2 C:\wamp64\www\pos_project\system\CodeIgniter.php(824): App\Controllers\ArrayTest->PostData()
#3 C:\wamp64\www\pos_project\system\CodeIgniter.php(410): CodeIgniter\CodeIgniter->runController(Object(App\Controllers\ArrayTest))
#4 C:\wamp64\www\pos_project\system\CodeIgniter.php(318): CodeIgniter\CodeIgniter->handleRequest(NULL, Object(Config\Cache), false)
#5 C:\wamp64\www\pos_project\public\index.php(37): CodeIgniter\CodeIgniter->run()
#6 C:\wamp64\www\pos_project\system\Commands\Server\rewrite.php(43): require_once('C:\\wamp64\\www\\p...')
#7 {main}
CRITICAL - 2022-01-10 01:29:04 --> array_push() expects parameter 1 to be array, object given
#0 [internal function]: CodeIgniter\Debug\Exceptions->errorHandler(2, 'array_push() ex...', 'C:\\wamp64\\www\\p...', 41, Array)
#1 C:\wamp64\www\pos_project\app\Controllers\ArrayTest.php(41): array_push(Object(stdClass), Object(stdClass))
#2 C:\wamp64\www\pos_project\system\CodeIgniter.php(824): App\Controllers\ArrayTest->PostData()
#3 C:\wamp64\www\pos_project\system\CodeIgniter.php(410): CodeIgniter\CodeIgniter->runController(Object(App\Controllers\ArrayTest))
#4 C:\wamp64\www\pos_project\system\CodeIgniter.php(318): CodeIgniter\CodeIgniter->handleRequest(NULL, Object(Config\Cache), false)
#5 C:\wamp64\www\pos_project\public\index.php(37): CodeIgniter\CodeIgniter->run()
#6 C:\wamp64\www\pos_project\system\Commands\Server\rewrite.php(43): require_once('C:\\wamp64\\www\\p...')
#7 {main}
CRITICAL - 2022-01-10 01:29:15 --> array_push() expects parameter 1 to be array, object given
#0 [internal function]: CodeIgniter\Debug\Exceptions->errorHandler(2, 'array_push() ex...', 'C:\\wamp64\\www\\p...', 41, Array)
#1 C:\wamp64\www\pos_project\app\Controllers\ArrayTest.php(41): array_push(Object(stdClass), Array)
#2 C:\wamp64\www\pos_project\system\CodeIgniter.php(824): App\Controllers\ArrayTest->PostData()
#3 C:\wamp64\www\pos_project\system\CodeIgniter.php(410): CodeIgniter\CodeIgniter->runController(Object(App\Controllers\ArrayTest))
#4 C:\wamp64\www\pos_project\system\CodeIgniter.php(318): CodeIgniter\CodeIgniter->handleRequest(NULL, Object(Config\Cache), false)
#5 C:\wamp64\www\pos_project\public\index.php(37): CodeIgniter\CodeIgniter->run()
#6 C:\wamp64\www\pos_project\system\Commands\Server\rewrite.php(43): require_once('C:\\wamp64\\www\\p...')
#7 {main}
CRITICAL - 2022-01-10 01:40:09 --> Undefined offset: 0
#0 C:\wamp64\www\pos_project\app\Controllers\ArrayTest.php(43): CodeIgniter\Debug\Exceptions->errorHandler(8, 'Undefined offse...', 'C:\\wamp64\\www\\p...', 43, Array)
#1 C:\wamp64\www\pos_project\system\CodeIgniter.php(824): App\Controllers\ArrayTest->PostData()
#2 C:\wamp64\www\pos_project\system\CodeIgniter.php(410): CodeIgniter\CodeIgniter->runController(Object(App\Controllers\ArrayTest))
#3 C:\wamp64\www\pos_project\system\CodeIgniter.php(318): CodeIgniter\CodeIgniter->handleRequest(NULL, Object(Config\Cache), false)
#4 C:\wamp64\www\pos_project\public\index.php(37): CodeIgniter\CodeIgniter->run()
#5 C:\wamp64\www\pos_project\system\Commands\Server\rewrite.php(43): require_once('C:\\wamp64\\www\\p...')
#6 {main}
CRITICAL - 2022-01-10 01:42:04 --> Undefined index: productCode
#0 C:\wamp64\www\pos_project\app\Controllers\ArrayTest.php(43): CodeIgniter\Debug\Exceptions->errorHandler(8, 'Undefined index...', 'C:\\wamp64\\www\\p...', 43, Array)
#1 C:\wamp64\www\pos_project\system\CodeIgniter.php(824): App\Controllers\ArrayTest->PostData()
#2 C:\wamp64\www\pos_project\system\CodeIgniter.php(410): CodeIgniter\CodeIgniter->runController(Object(App\Controllers\ArrayTest))
#3 C:\wamp64\www\pos_project\system\CodeIgniter.php(318): CodeIgniter\CodeIgniter->handleRequest(NULL, Object(Config\Cache), false)
#4 C:\wamp64\www\pos_project\public\index.php(37): CodeIgniter\CodeIgniter->run()
#5 C:\wamp64\www\pos_project\system\Commands\Server\rewrite.php(43): require_once('C:\\wamp64\\www\\p...')
#6 {main}
CRITICAL - 2022-01-10 01:42:43 --> Undefined index: productCode
#0 C:\wamp64\www\pos_project\app\Controllers\ArrayTest.php(43): CodeIgniter\Debug\Exceptions->errorHandler(8, 'Undefined index...', 'C:\\wamp64\\www\\p...', 43, Array)
#1 C:\wamp64\www\pos_project\system\CodeIgniter.php(824): App\Controllers\ArrayTest->PostData()
#2 C:\wamp64\www\pos_project\system\CodeIgniter.php(410): CodeIgniter\CodeIgniter->runController(Object(App\Controllers\ArrayTest))
#3 C:\wamp64\www\pos_project\system\CodeIgniter.php(318): CodeIgniter\CodeIgniter->handleRequest(NULL, Object(Config\Cache), false)
#4 C:\wamp64\www\pos_project\public\index.php(37): CodeIgniter\CodeIgniter->run()
#5 C:\wamp64\www\pos_project\system\Commands\Server\rewrite.php(43): require_once('C:\\wamp64\\www\\p...')
#6 {main}
CRITICAL - 2022-01-10 01:43:03 --> Undefined index: productCode
#0 C:\wamp64\www\pos_project\app\Controllers\ArrayTest.php(43): CodeIgniter\Debug\Exceptions->errorHandler(8, 'Undefined index...', 'C:\\wamp64\\www\\p...', 43, Array)
#1 C:\wamp64\www\pos_project\system\CodeIgniter.php(824): App\Controllers\ArrayTest->PostData()
#2 C:\wamp64\www\pos_project\system\CodeIgniter.php(410): CodeIgniter\CodeIgniter->runController(Object(App\Controllers\ArrayTest))
#3 C:\wamp64\www\pos_project\system\CodeIgniter.php(318): CodeIgniter\CodeIgniter->handleRequest(NULL, Object(Config\Cache), false)
#4 C:\wamp64\www\pos_project\public\index.php(37): CodeIgniter\CodeIgniter->run()
#5 C:\wamp64\www\pos_project\system\Commands\Server\rewrite.php(43): require_once('C:\\wamp64\\www\\p...')
#6 {main}
CRITICAL - 2022-01-10 01:43:09 --> Undefined index: productCode
#0 C:\wamp64\www\pos_project\app\Controllers\ArrayTest.php(43): CodeIgniter\Debug\Exceptions->errorHandler(8, 'Undefined index...', 'C:\\wamp64\\www\\p...', 43, Array)
#1 C:\wamp64\www\pos_project\system\CodeIgniter.php(824): App\Controllers\ArrayTest->PostData()
#2 C:\wamp64\www\pos_project\system\CodeIgniter.php(410): CodeIgniter\CodeIgniter->runController(Object(App\Controllers\ArrayTest))
#3 C:\wamp64\www\pos_project\system\CodeIgniter.php(318): CodeIgniter\CodeIgniter->handleRequest(NULL, Object(Config\Cache), false)
#4 C:\wamp64\www\pos_project\public\index.php(37): CodeIgniter\CodeIgniter->run()
#5 C:\wamp64\www\pos_project\system\Commands\Server\rewrite.php(43): require_once('C:\\wamp64\\www\\p...')
#6 {main}
CRITICAL - 2022-01-10 01:46:15 --> Undefined variable: arrayValue
#0 C:\wamp64\www\pos_project\app\Controllers\ArrayTest.php(41): CodeIgniter\Debug\Exceptions->errorHandler(8, 'Undefined varia...', 'C:\\wamp64\\www\\p...', 41, Array)
#1 C:\wamp64\www\pos_project\system\CodeIgniter.php(824): App\Controllers\ArrayTest->PostData()
#2 C:\wamp64\www\pos_project\system\CodeIgniter.php(410): CodeIgniter\CodeIgniter->runController(Object(App\Controllers\ArrayTest))
#3 C:\wamp64\www\pos_project\system\CodeIgniter.php(318): CodeIgniter\CodeIgniter->handleRequest(NULL, Object(Config\Cache), false)
#4 C:\wamp64\www\pos_project\public\index.php(37): CodeIgniter\CodeIgniter->run()
#5 C:\wamp64\www\pos_project\system\Commands\Server\rewrite.php(43): require_once('C:\\wamp64\\www\\p...')
#6 {main}
CRITICAL - 2022-01-10 01:50:15 --> Undefined offset: 0
#0 C:\wamp64\www\pos_project\app\Controllers\ArrayTest.php(51): CodeIgniter\Debug\Exceptions->errorHandler(8, 'Undefined offse...', 'C:\\wamp64\\www\\p...', 51, Array)
#1 C:\wamp64\www\pos_project\system\CodeIgniter.php(824): App\Controllers\ArrayTest->PostData()
#2 C:\wamp64\www\pos_project\system\CodeIgniter.php(410): CodeIgniter\CodeIgniter->runController(Object(App\Controllers\ArrayTest))
#3 C:\wamp64\www\pos_project\system\CodeIgniter.php(318): CodeIgniter\CodeIgniter->handleRequest(NULL, Object(Config\Cache), false)
#4 C:\wamp64\www\pos_project\public\index.php(37): CodeIgniter\CodeIgniter->run()
#5 C:\wamp64\www\pos_project\system\Commands\Server\rewrite.php(43): require_once('C:\\wamp64\\www\\p...')
#6 {main}
CRITICAL - 2022-01-10 01:50:53 --> Undefined index: productCode
#0 C:\wamp64\www\pos_project\app\Controllers\ArrayTest.php(51): CodeIgniter\Debug\Exceptions->errorHandler(8, 'Undefined index...', 'C:\\wamp64\\www\\p...', 51, Array)
#1 C:\wamp64\www\pos_project\system\CodeIgniter.php(824): App\Controllers\ArrayTest->PostData()
#2 C:\wamp64\www\pos_project\system\CodeIgniter.php(410): CodeIgniter\CodeIgniter->runController(Object(App\Controllers\ArrayTest))
#3 C:\wamp64\www\pos_project\system\CodeIgniter.php(318): CodeIgniter\CodeIgniter->handleRequest(NULL, Object(Config\Cache), false)
#4 C:\wamp64\www\pos_project\public\index.php(37): CodeIgniter\CodeIgniter->run()
#5 C:\wamp64\www\pos_project\system\Commands\Server\rewrite.php(43): require_once('C:\\wamp64\\www\\p...')
#6 {main}
CRITICAL - 2022-01-10 01:51:33 --> Trying to get property 'productCode' of non-object
#0 C:\wamp64\www\pos_project\app\Controllers\ArrayTest.php(51): CodeIgniter\Debug\Exceptions->errorHandler(8, 'Trying to get p...', 'C:\\wamp64\\www\\p...', 51, Array)
#1 C:\wamp64\www\pos_project\system\CodeIgniter.php(824): App\Controllers\ArrayTest->PostData()
#2 C:\wamp64\www\pos_project\system\CodeIgniter.php(410): CodeIgniter\CodeIgniter->runController(Object(App\Controllers\ArrayTest))
#3 C:\wamp64\www\pos_project\system\CodeIgniter.php(318): CodeIgniter\CodeIgniter->handleRequest(NULL, Object(Config\Cache), false)
#4 C:\wamp64\www\pos_project\public\index.php(37): CodeIgniter\CodeIgniter->run()
#5 C:\wamp64\www\pos_project\system\Commands\Server\rewrite.php(43): require_once('C:\\wamp64\\www\\p...')
#6 {main}
CRITICAL - 2022-01-10 01:52:05 --> Trying to get property 'productCode' of non-object
#0 C:\wamp64\www\pos_project\app\Controllers\ArrayTest.php(51): CodeIgniter\Debug\Exceptions->errorHandler(8, 'Trying to get p...', 'C:\\wamp64\\www\\p...', 51, Array)
#1 C:\wamp64\www\pos_project\system\CodeIgniter.php(824): App\Controllers\ArrayTest->PostData()
#2 C:\wamp64\www\pos_project\system\CodeIgniter.php(410): CodeIgniter\CodeIgniter->runController(Object(App\Controllers\ArrayTest))
#3 C:\wamp64\www\pos_project\system\CodeIgniter.php(318): CodeIgniter\CodeIgniter->handleRequest(NULL, Object(Config\Cache), false)
#4 C:\wamp64\www\pos_project\public\index.php(37): CodeIgniter\CodeIgniter->run()
#5 C:\wamp64\www\pos_project\system\Commands\Server\rewrite.php(43): require_once('C:\\wamp64\\www\\p...')
#6 {main}
CRITICAL - 2022-01-10 01:54:04 --> Undefined offset: 0
#0 C:\wamp64\www\pos_project\app\Controllers\ArrayTest.php(43): CodeIgniter\Debug\Exceptions->errorHandler(8, 'Undefined offse...', 'C:\\wamp64\\www\\p...', 43, Array)
#1 C:\wamp64\www\pos_project\system\CodeIgniter.php(824): App\Controllers\ArrayTest->PostData()
#2 C:\wamp64\www\pos_project\system\CodeIgniter.php(410): CodeIgniter\CodeIgniter->runController(Object(App\Controllers\ArrayTest))
#3 C:\wamp64\www\pos_project\system\CodeIgniter.php(318): CodeIgniter\CodeIgniter->handleRequest(NULL, Object(Config\Cache), false)
#4 C:\wamp64\www\pos_project\public\index.php(37): CodeIgniter\CodeIgniter->run()
#5 C:\wamp64\www\pos_project\system\Commands\Server\rewrite.php(43): require_once('C:\\wamp64\\www\\p...')
#6 {main}
CRITICAL - 2022-01-10 01:54:38 --> Cannot use object of type stdClass as array
#0 C:\wamp64\www\pos_project\system\CodeIgniter.php(824): App\Controllers\ArrayTest->PostData()
#1 C:\wamp64\www\pos_project\system\CodeIgniter.php(410): CodeIgniter\CodeIgniter->runController(Object(App\Controllers\ArrayTest))
#2 C:\wamp64\www\pos_project\system\CodeIgniter.php(318): CodeIgniter\CodeIgniter->handleRequest(NULL, Object(Config\Cache), false)
#3 C:\wamp64\www\pos_project\public\index.php(37): CodeIgniter\CodeIgniter->run()
#4 C:\wamp64\www\pos_project\system\Commands\Server\rewrite.php(43): require_once('C:\\wamp64\\www\\p...')
#5 {main}
CRITICAL - 2022-01-10 03:11:23 --> Undefined variable: resultJson
#0 C:\wamp64\www\pos_project\app\Controllers\ArrayTest.php(64): CodeIgniter\Debug\Exceptions->errorHandler(8, 'Undefined varia...', 'C:\\wamp64\\www\\p...', 64, Array)
#1 C:\wamp64\www\pos_project\system\CodeIgniter.php(824): App\Controllers\ArrayTest->PostData()
#2 C:\wamp64\www\pos_project\system\CodeIgniter.php(410): CodeIgniter\CodeIgniter->runController(Object(App\Controllers\ArrayTest))
#3 C:\wamp64\www\pos_project\system\CodeIgniter.php(318): CodeIgniter\CodeIgniter->handleRequest(NULL, Object(Config\Cache), false)
#4 C:\wamp64\www\pos_project\public\index.php(37): CodeIgniter\CodeIgniter->run()
#5 C:\wamp64\www\pos_project\system\Commands\Server\rewrite.php(43): require_once('C:\\wamp64\\www\\p...')
#6 {main}
CRITICAL - 2022-01-10 03:13:27 --> Cannot use object of type stdClass as array
#0 C:\wamp64\www\pos_project\system\CodeIgniter.php(824): App\Controllers\ArrayTest->PostData()
#1 C:\wamp64\www\pos_project\system\CodeIgniter.php(410): CodeIgniter\CodeIgniter->runController(Object(App\Controllers\ArrayTest))
#2 C:\wamp64\www\pos_project\system\CodeIgniter.php(318): CodeIgniter\CodeIgniter->handleRequest(NULL, Object(Config\Cache), false)
#3 C:\wamp64\www\pos_project\public\index.php(37): CodeIgniter\CodeIgniter->run()
#4 C:\wamp64\www\pos_project\system\Commands\Server\rewrite.php(43): require_once('C:\\wamp64\\www\\p...')
#5 {main}
CRITICAL - 2022-01-10 03:14:47 --> Undefined variable: resultJson
#0 C:\wamp64\www\pos_project\app\Controllers\ArrayTest.php(55): CodeIgniter\Debug\Exceptions->errorHandler(8, 'Undefined varia...', 'C:\\wamp64\\www\\p...', 55, Array)
#1 C:\wamp64\www\pos_project\system\CodeIgniter.php(824): App\Controllers\ArrayTest->PostData()
#2 C:\wamp64\www\pos_project\system\CodeIgniter.php(410): CodeIgniter\CodeIgniter->runController(Object(App\Controllers\ArrayTest))
#3 C:\wamp64\www\pos_project\system\CodeIgniter.php(318): CodeIgniter\CodeIgniter->handleRequest(NULL, Object(Config\Cache), false)
#4 C:\wamp64\www\pos_project\public\index.php(37): CodeIgniter\CodeIgniter->run()
#5 C:\wamp64\www\pos_project\system\Commands\Server\rewrite.php(43): require_once('C:\\wamp64\\www\\p...')
#6 {main}
CRITICAL - 2022-01-10 22:05:45 --> Call to a member function save() on array
#0 C:\wamp64\www\pos_project\system\CodeIgniter.php(824): App\Controllers\ArrayTest->PostData()
#1 C:\wamp64\www\pos_project\system\CodeIgniter.php(410): CodeIgniter\CodeIgniter->runController(Object(App\Controllers\ArrayTest))
#2 C:\wamp64\www\pos_project\system\CodeIgniter.php(318): CodeIgniter\CodeIgniter->handleRequest(NULL, Object(Config\Cache), false)
#3 C:\wamp64\www\pos_project\public\index.php(37): CodeIgniter\CodeIgniter->run()
#4 C:\wamp64\www\pos_project\system\Commands\Server\rewrite.php(43): require_once('C:\\wamp64\\www\\p...')
#5 {main}
CRITICAL - 2022-01-10 22:09:40 --> Call to a member function save() on array
#0 C:\wamp64\www\pos_project\system\CodeIgniter.php(824): App\Controllers\ArrayTest->PostData()
#1 C:\wamp64\www\pos_project\system\CodeIgniter.php(410): CodeIgniter\CodeIgniter->runController(Object(App\Controllers\ArrayTest))
#2 C:\wamp64\www\pos_project\system\CodeIgniter.php(318): CodeIgniter\CodeIgniter->handleRequest(NULL, Object(Config\Cache), false)
#3 C:\wamp64\www\pos_project\public\index.php(37): CodeIgniter\CodeIgniter->run()
#4 C:\wamp64\www\pos_project\system\Commands\Server\rewrite.php(43): require_once('C:\\wamp64\\www\\p...')
#5 {main}
CRITICAL - 2022-01-10 22:11:54 --> Call to a member function save() on array
#0 C:\wamp64\www\pos_project\system\CodeIgniter.php(824): App\Controllers\ArrayTest->PostData()
#1 C:\wamp64\www\pos_project\system\CodeIgniter.php(410): CodeIgniter\CodeIgniter->runController(Object(App\Controllers\ArrayTest))
#2 C:\wamp64\www\pos_project\system\CodeIgniter.php(318): CodeIgniter\CodeIgniter->handleRequest(NULL, Object(Config\Cache), false)
#3 C:\wamp64\www\pos_project\public\index.php(37): CodeIgniter\CodeIgniter->run()
#4 C:\wamp64\www\pos_project\system\Commands\Server\rewrite.php(43): require_once('C:\\wamp64\\www\\p...')
#5 {main}
CRITICAL - 2022-01-10 22:27:15 --> Call to a member function save() on array
#0 C:\wamp64\www\pos_project\system\CodeIgniter.php(824): App\Controllers\ArrayTest->PostData()
#1 C:\wamp64\www\pos_project\system\CodeIgniter.php(410): CodeIgniter\CodeIgniter->runController(Object(App\Controllers\ArrayTest))
#2 C:\wamp64\www\pos_project\system\CodeIgniter.php(318): CodeIgniter\CodeIgniter->handleRequest(NULL, Object(Config\Cache), false)
#3 C:\wamp64\www\pos_project\public\index.php(37): CodeIgniter\CodeIgniter->run()
#4 C:\wamp64\www\pos_project\system\Commands\Server\rewrite.php(43): require_once('C:\\wamp64\\www\\p...')
#5 {main}
CRITICAL - 2022-01-10 22:35:53 --> Call to a member function save() on array
#0 C:\wamp64\www\pos_project\system\CodeIgniter.php(824): App\Controllers\ArrayTest->PostData()
#1 C:\wamp64\www\pos_project\system\CodeIgniter.php(410): CodeIgniter\CodeIgniter->runController(Object(App\Controllers\ArrayTest))
#2 C:\wamp64\www\pos_project\system\CodeIgniter.php(318): CodeIgniter\CodeIgniter->handleRequest(NULL, Object(Config\Cache), false)
#3 C:\wamp64\www\pos_project\public\index.php(37): CodeIgniter\CodeIgniter->run()
#4 C:\wamp64\www\pos_project\system\Commands\Server\rewrite.php(43): require_once('C:\\wamp64\\www\\p...')
#5 {main}
CRITICAL - 2022-01-10 22:56:02 --> Call to a member function save() on array
#0 C:\wamp64\www\pos_project\system\CodeIgniter.php(824): App\Controllers\ArrayTest->PostData()
#1 C:\wamp64\www\pos_project\system\CodeIgniter.php(410): CodeIgniter\CodeIgniter->runController(Object(App\Controllers\ArrayTest))
#2 C:\wamp64\www\pos_project\system\CodeIgniter.php(318): CodeIgniter\CodeIgniter->handleRequest(NULL, Object(Config\Cache), false)
#3 C:\wamp64\www\pos_project\public\index.php(37): CodeIgniter\CodeIgniter->run()
#4 C:\wamp64\www\pos_project\system\Commands\Server\rewrite.php(43): require_once('C:\\wamp64\\www\\p...')
#5 {main}
CRITICAL - 2022-01-10 22:57:00 --> Call to a member function save() on array
#0 C:\wamp64\www\pos_project\system\CodeIgniter.php(824): App\Controllers\ArrayTest->PostData()
#1 C:\wamp64\www\pos_project\system\CodeIgniter.php(410): CodeIgniter\CodeIgniter->runController(Object(App\Controllers\ArrayTest))
#2 C:\wamp64\www\pos_project\system\CodeIgniter.php(318): CodeIgniter\CodeIgniter->handleRequest(NULL, Object(Config\Cache), false)
#3 C:\wamp64\www\pos_project\public\index.php(37): CodeIgniter\CodeIgniter->run()
#4 C:\wamp64\www\pos_project\system\Commands\Server\rewrite.php(43): require_once('C:\\wamp64\\www\\p...')
#5 {main}
