CRITICAL - 2022-01-04 23:34:47 --> Undefined variable: list
#0 C:\wamp64\www\oneProject\app\Views\index1.php(138): CodeIgniter\Debug\Exceptions->errorHandler(8, 'Undefined varia...', 'C:\\wamp64\\www\\o...', 138, Array)
#1 C:\wamp64\www\oneProject\system\View\View.php(214): include('C:\\wamp64\\www\\o...')
#2 C:\wamp64\www\oneProject\system\View\View.php(217): CodeIgniter\View\View->CodeIgniter\View\{closure}()
#3 C:\wamp64\www\oneProject\system\Common.php(1097): CodeIgniter\View\View->render('index1', Array, true)
#4 C:\wamp64\www\oneProject\app\Controllers\Home.php(9): view('index1')
#5 C:\wamp64\www\oneProject\system\CodeIgniter.php(824): App\Controllers\Home->index()
#6 C:\wamp64\www\oneProject\system\CodeIgniter.php(410): CodeIgniter\CodeIgniter->runController(Object(App\Controllers\Home))
#7 C:\wamp64\www\oneProject\system\CodeIgniter.php(318): CodeIgniter\CodeIgniter->handleRequest(NULL, Object(Config\Cache), false)
#8 C:\wamp64\www\oneProject\public\index.php(37): CodeIgniter\CodeIgniter->run()
#9 C:\wamp64\www\oneProject\system\Commands\Server\rewrite.php(43): require_once('C:\\wamp64\\www\\o...')
#10 {main}
CRITICAL - 2022-01-04 23:36:22 --> Undefined variable: data
#0 C:\wamp64\www\oneProject\app\Views\index1.php(217): CodeIgniter\Debug\Exceptions->errorHandler(8, 'Undefined varia...', 'C:\\wamp64\\www\\o...', 217, Array)
#1 C:\wamp64\www\oneProject\system\View\View.php(214): include('C:\\wamp64\\www\\o...')
#2 C:\wamp64\www\oneProject\system\View\View.php(217): CodeIgniter\View\View->CodeIgniter\View\{closure}()
#3 C:\wamp64\www\oneProject\system\Common.php(1097): CodeIgniter\View\View->render('index1', Array, true)
#4 C:\wamp64\www\oneProject\app\Controllers\Home.php(9): view('index1')
#5 C:\wamp64\www\oneProject\system\CodeIgniter.php(824): App\Controllers\Home->index()
#6 C:\wamp64\www\oneProject\system\CodeIgniter.php(410): CodeIgniter\CodeIgniter->runController(Object(App\Controllers\Home))
#7 C:\wamp64\www\oneProject\system\CodeIgniter.php(318): CodeIgniter\CodeIgniter->handleRequest(NULL, Object(Config\Cache), false)
#8 C:\wamp64\www\oneProject\public\index.php(37): CodeIgniter\CodeIgniter->run()
#9 C:\wamp64\www\oneProject\system\Commands\Server\rewrite.php(43): require_once('C:\\wamp64\\www\\o...')
#10 {main}
CRITICAL - 2022-01-04 23:36:50 --> Undefined variable: grandQuantity
#0 C:\wamp64\www\oneProject\app\Views\index1.php(244): CodeIgniter\Debug\Exceptions->errorHandler(8, 'Undefined varia...', 'C:\\wamp64\\www\\o...', 244, Array)
#1 C:\wamp64\www\oneProject\system\View\View.php(214): include('C:\\wamp64\\www\\o...')
#2 C:\wamp64\www\oneProject\system\View\View.php(217): CodeIgniter\View\View->CodeIgniter\View\{closure}()
#3 C:\wamp64\www\oneProject\system\Common.php(1097): CodeIgniter\View\View->render('index1', Array, true)
#4 C:\wamp64\www\oneProject\app\Controllers\Home.php(9): view('index1')
#5 C:\wamp64\www\oneProject\system\CodeIgniter.php(824): App\Controllers\Home->index()
#6 C:\wamp64\www\oneProject\system\CodeIgniter.php(410): CodeIgniter\CodeIgniter->runController(Object(App\Controllers\Home))
#7 C:\wamp64\www\oneProject\system\CodeIgniter.php(318): CodeIgniter\CodeIgniter->handleRequest(NULL, Object(Config\Cache), false)
#8 C:\wamp64\www\oneProject\public\index.php(37): CodeIgniter\CodeIgniter->run()
#9 C:\wamp64\www\oneProject\system\Commands\Server\rewrite.php(43): require_once('C:\\wamp64\\www\\o...')
#10 {main}
