CRITICAL - 2022-01-09 00:02:34 --> Undefined index: details
#0 C:\wamp64\www\pos_project\app\Controllers\ArrayTest.php(62): CodeIgniter\Debug\Exceptions->errorHandler(8, 'Undefined index...', 'C:\\wamp64\\www\\p...', 62, Array)
#1 C:\wamp64\www\pos_project\system\CodeIgniter.php(824): App\Controllers\ArrayTest->FetchData()
#2 C:\wamp64\www\pos_project\system\CodeIgniter.php(410): CodeIgniter\CodeIgniter->runController(Object(App\Controllers\ArrayTest))
#3 C:\wamp64\www\pos_project\system\CodeIgniter.php(318): CodeIgniter\CodeIgniter->handleRequest(NULL, Object(Config\Cache), false)
#4 C:\wamp64\www\pos_project\public\index.php(37): CodeIgniter\CodeIgniter->run()
#5 C:\wamp64\www\pos_project\system\Commands\Server\rewrite.php(43): require_once('C:\\wamp64\\www\\p...')
#6 {main}
CRITICAL - 2022-01-09 00:03:13 --> Undefined offset: 2
#0 C:\wamp64\www\pos_project\app\Controllers\ArrayTest.php(62): CodeIgniter\Debug\Exceptions->errorHandler(8, 'Undefined offse...', 'C:\\wamp64\\www\\p...', 62, Array)
#1 C:\wamp64\www\pos_project\system\CodeIgniter.php(824): App\Controllers\ArrayTest->FetchData()
#2 C:\wamp64\www\pos_project\system\CodeIgniter.php(410): CodeIgniter\CodeIgniter->runController(Object(App\Controllers\ArrayTest))
#3 C:\wamp64\www\pos_project\system\CodeIgniter.php(318): CodeIgniter\CodeIgniter->handleRequest(NULL, Object(Config\Cache), false)
#4 C:\wamp64\www\pos_project\public\index.php(37): CodeIgniter\CodeIgniter->run()
#5 C:\wamp64\www\pos_project\system\Commands\Server\rewrite.php(43): require_once('C:\\wamp64\\www\\p...')
#6 {main}
CRITICAL - 2022-01-09 00:49:15 --> Illegal string offset 'productName'
#0 C:\wamp64\www\pos_project\app\Views\product\productForm.php(56): CodeIgniter\Debug\Exceptions->errorHandler(2, 'Illegal string ...', 'C:\\wamp64\\www\\p...', 56, Array)
#1 C:\wamp64\www\pos_project\system\View\View.php(214): include('C:\\wamp64\\www\\p...')
#2 C:\wamp64\www\pos_project\system\View\View.php(217): CodeIgniter\View\View->CodeIgniter\View\{closure}()
#3 C:\wamp64\www\pos_project\system\Common.php(1097): CodeIgniter\View\View->render('product/product...', Array, true)
#4 C:\wamp64\www\pos_project\app\Controllers\ArrayTest.php(69): view('product/product...', Array)
#5 C:\wamp64\www\pos_project\system\CodeIgniter.php(824): App\Controllers\ArrayTest->FetchData()
#6 C:\wamp64\www\pos_project\system\CodeIgniter.php(410): CodeIgniter\CodeIgniter->runController(Object(App\Controllers\ArrayTest))
#7 C:\wamp64\www\pos_project\system\CodeIgniter.php(318): CodeIgniter\CodeIgniter->handleRequest(NULL, Object(Config\Cache), false)
#8 C:\wamp64\www\pos_project\public\index.php(37): CodeIgniter\CodeIgniter->run()
#9 C:\wamp64\www\pos_project\system\Commands\Server\rewrite.php(43): require_once('C:\\wamp64\\www\\p...')
#10 {main}
CRITICAL - 2022-01-09 00:50:35 --> Illegal string offset 'productCode'
#0 C:\wamp64\www\pos_project\app\Views\product\productForm.php(58): CodeIgniter\Debug\Exceptions->errorHandler(2, 'Illegal string ...', 'C:\\wamp64\\www\\p...', 58, Array)
#1 C:\wamp64\www\pos_project\system\View\View.php(214): include('C:\\wamp64\\www\\p...')
#2 C:\wamp64\www\pos_project\system\View\View.php(217): CodeIgniter\View\View->CodeIgniter\View\{closure}()
#3 C:\wamp64\www\pos_project\system\Common.php(1097): CodeIgniter\View\View->render('product/product...', Array, true)
#4 C:\wamp64\www\pos_project\app\Controllers\ArrayTest.php(69): view('product/product...', Array)
#5 C:\wamp64\www\pos_project\system\CodeIgniter.php(824): App\Controllers\ArrayTest->FetchData()
#6 C:\wamp64\www\pos_project\system\CodeIgniter.php(410): CodeIgniter\CodeIgniter->runController(Object(App\Controllers\ArrayTest))
#7 C:\wamp64\www\pos_project\system\CodeIgniter.php(318): CodeIgniter\CodeIgniter->handleRequest(NULL, Object(Config\Cache), false)
#8 C:\wamp64\www\pos_project\public\index.php(37): CodeIgniter\CodeIgniter->run()
#9 C:\wamp64\www\pos_project\system\Commands\Server\rewrite.php(43): require_once('C:\\wamp64\\www\\p...')
#10 {main}
CRITICAL - 2022-01-09 00:52:14 --> Illegal string offset 'productCode'
#0 C:\wamp64\www\pos_project\app\Views\product\productForm.php(59): CodeIgniter\Debug\Exceptions->errorHandler(2, 'Illegal string ...', 'C:\\wamp64\\www\\p...', 59, Array)
#1 C:\wamp64\www\pos_project\system\View\View.php(214): include('C:\\wamp64\\www\\p...')
#2 C:\wamp64\www\pos_project\system\View\View.php(217): CodeIgniter\View\View->CodeIgniter\View\{closure}()
#3 C:\wamp64\www\pos_project\system\Common.php(1097): CodeIgniter\View\View->render('product/product...', Array, true)
#4 C:\wamp64\www\pos_project\app\Controllers\ArrayTest.php(69): view('product/product...', Array)
#5 C:\wamp64\www\pos_project\system\CodeIgniter.php(824): App\Controllers\ArrayTest->FetchData()
#6 C:\wamp64\www\pos_project\system\CodeIgniter.php(410): CodeIgniter\CodeIgniter->runController(Object(App\Controllers\ArrayTest))
#7 C:\wamp64\www\pos_project\system\CodeIgniter.php(318): CodeIgniter\CodeIgniter->handleRequest(NULL, Object(Config\Cache), false)
#8 C:\wamp64\www\pos_project\public\index.php(37): CodeIgniter\CodeIgniter->run()
#9 C:\wamp64\www\pos_project\system\Commands\Server\rewrite.php(43): require_once('C:\\wamp64\\www\\p...')
#10 {main}
CRITICAL - 2022-01-09 00:56:49 --> Trying to get property 'productCode' of non-object
#0 C:\wamp64\www\pos_project\app\Views\product\productForm.php(59): CodeIgniter\Debug\Exceptions->errorHandler(8, 'Trying to get p...', 'C:\\wamp64\\www\\p...', 59, Array)
#1 C:\wamp64\www\pos_project\system\View\View.php(214): include('C:\\wamp64\\www\\p...')
#2 C:\wamp64\www\pos_project\system\View\View.php(217): CodeIgniter\View\View->CodeIgniter\View\{closure}()
#3 C:\wamp64\www\pos_project\system\Common.php(1097): CodeIgniter\View\View->render('product/product...', Array, true)
#4 C:\wamp64\www\pos_project\app\Controllers\ArrayTest.php(72): view('product/product...', Array)
#5 C:\wamp64\www\pos_project\system\CodeIgniter.php(824): App\Controllers\ArrayTest->FetchData()
#6 C:\wamp64\www\pos_project\system\CodeIgniter.php(410): CodeIgniter\CodeIgniter->runController(Object(App\Controllers\ArrayTest))
#7 C:\wamp64\www\pos_project\system\CodeIgniter.php(318): CodeIgniter\CodeIgniter->handleRequest(NULL, Object(Config\Cache), false)
#8 C:\wamp64\www\pos_project\public\index.php(37): CodeIgniter\CodeIgniter->run()
#9 C:\wamp64\www\pos_project\system\Commands\Server\rewrite.php(43): require_once('C:\\wamp64\\www\\p...')
#10 {main}
CRITICAL - 2022-01-09 01:00:00 --> Trying to get property 'productCode' of non-object
#0 C:\wamp64\www\pos_project\app\Views\product\productForm.php(59): CodeIgniter\Debug\Exceptions->errorHandler(8, 'Trying to get p...', 'C:\\wamp64\\www\\p...', 59, Array)
#1 C:\wamp64\www\pos_project\system\View\View.php(214): include('C:\\wamp64\\www\\p...')
#2 C:\wamp64\www\pos_project\system\View\View.php(217): CodeIgniter\View\View->CodeIgniter\View\{closure}()
#3 C:\wamp64\www\pos_project\system\Common.php(1097): CodeIgniter\View\View->render('product/product...', Array, true)
#4 C:\wamp64\www\pos_project\app\Controllers\ArrayTest.php(69): view('product/product...', Array)
#5 C:\wamp64\www\pos_project\system\CodeIgniter.php(824): App\Controllers\ArrayTest->FetchData()
#6 C:\wamp64\www\pos_project\system\CodeIgniter.php(410): CodeIgniter\CodeIgniter->runController(Object(App\Controllers\ArrayTest))
#7 C:\wamp64\www\pos_project\system\CodeIgniter.php(318): CodeIgniter\CodeIgniter->handleRequest(NULL, Object(Config\Cache), false)
#8 C:\wamp64\www\pos_project\public\index.php(37): CodeIgniter\CodeIgniter->run()
#9 C:\wamp64\www\pos_project\system\Commands\Server\rewrite.php(43): require_once('C:\\wamp64\\www\\p...')
#10 {main}
CRITICAL - 2022-01-09 01:06:21 --> Undefined variable: val
#0 C:\wamp64\www\pos_project\app\Views\product\productForm.php(53): CodeIgniter\Debug\Exceptions->errorHandler(8, 'Undefined varia...', 'C:\\wamp64\\www\\p...', 53, Array)
#1 C:\wamp64\www\pos_project\system\View\View.php(214): include('C:\\wamp64\\www\\p...')
#2 C:\wamp64\www\pos_project\system\View\View.php(217): CodeIgniter\View\View->CodeIgniter\View\{closure}()
#3 C:\wamp64\www\pos_project\system\Common.php(1097): CodeIgniter\View\View->render('product/product...', Array, true)
#4 C:\wamp64\www\pos_project\app\Controllers\ArrayTest.php(70): view('product/product...', Array)
#5 C:\wamp64\www\pos_project\system\CodeIgniter.php(824): App\Controllers\ArrayTest->FetchData()
#6 C:\wamp64\www\pos_project\system\CodeIgniter.php(410): CodeIgniter\CodeIgniter->runController(Object(App\Controllers\ArrayTest))
#7 C:\wamp64\www\pos_project\system\CodeIgniter.php(318): CodeIgniter\CodeIgniter->handleRequest(NULL, Object(Config\Cache), false)
#8 C:\wamp64\www\pos_project\public\index.php(37): CodeIgniter\CodeIgniter->run()
#9 C:\wamp64\www\pos_project\system\Commands\Server\rewrite.php(43): require_once('C:\\wamp64\\www\\p...')
#10 {main}
CRITICAL - 2022-01-09 01:06:40 --> Undefined variable: val
#0 C:\wamp64\www\pos_project\app\Views\product\productForm.php(53): CodeIgniter\Debug\Exceptions->errorHandler(8, 'Undefined varia...', 'C:\\wamp64\\www\\p...', 53, Array)
#1 C:\wamp64\www\pos_project\system\View\View.php(214): include('C:\\wamp64\\www\\p...')
#2 C:\wamp64\www\pos_project\system\View\View.php(217): CodeIgniter\View\View->CodeIgniter\View\{closure}()
#3 C:\wamp64\www\pos_project\system\Common.php(1097): CodeIgniter\View\View->render('product/product...', Array, true)
#4 C:\wamp64\www\pos_project\app\Controllers\ArrayTest.php(70): view('product/product...', Array)
#5 C:\wamp64\www\pos_project\system\CodeIgniter.php(824): App\Controllers\ArrayTest->FetchData()
#6 C:\wamp64\www\pos_project\system\CodeIgniter.php(410): CodeIgniter\CodeIgniter->runController(Object(App\Controllers\ArrayTest))
#7 C:\wamp64\www\pos_project\system\CodeIgniter.php(318): CodeIgniter\CodeIgniter->handleRequest(NULL, Object(Config\Cache), false)
#8 C:\wamp64\www\pos_project\public\index.php(37): CodeIgniter\CodeIgniter->run()
#9 C:\wamp64\www\pos_project\system\Commands\Server\rewrite.php(43): require_once('C:\\wamp64\\www\\p...')
#10 {main}
CRITICAL - 2022-01-09 01:07:54 --> Illegal string offset 'productName'
#0 C:\wamp64\www\pos_project\app\Views\product\productForm.php(59): CodeIgniter\Debug\Exceptions->errorHandler(2, 'Illegal string ...', 'C:\\wamp64\\www\\p...', 59, Array)
#1 C:\wamp64\www\pos_project\system\View\View.php(214): include('C:\\wamp64\\www\\p...')
#2 C:\wamp64\www\pos_project\system\View\View.php(217): CodeIgniter\View\View->CodeIgniter\View\{closure}()
#3 C:\wamp64\www\pos_project\system\Common.php(1097): CodeIgniter\View\View->render('product/product...', Array, true)
#4 C:\wamp64\www\pos_project\app\Controllers\ArrayTest.php(70): view('product/product...', Array)
#5 C:\wamp64\www\pos_project\system\CodeIgniter.php(824): App\Controllers\ArrayTest->FetchData()
#6 C:\wamp64\www\pos_project\system\CodeIgniter.php(410): CodeIgniter\CodeIgniter->runController(Object(App\Controllers\ArrayTest))
#7 C:\wamp64\www\pos_project\system\CodeIgniter.php(318): CodeIgniter\CodeIgniter->handleRequest(NULL, Object(Config\Cache), false)
#8 C:\wamp64\www\pos_project\public\index.php(37): CodeIgniter\CodeIgniter->run()
#9 C:\wamp64\www\pos_project\system\Commands\Server\rewrite.php(43): require_once('C:\\wamp64\\www\\p...')
#10 {main}
CRITICAL - 2022-01-09 01:08:34 --> Illegal string offset 'productName'
#0 C:\wamp64\www\pos_project\app\Views\product\productForm.php(59): CodeIgniter\Debug\Exceptions->errorHandler(2, 'Illegal string ...', 'C:\\wamp64\\www\\p...', 59, Array)
#1 C:\wamp64\www\pos_project\system\View\View.php(214): include('C:\\wamp64\\www\\p...')
#2 C:\wamp64\www\pos_project\system\View\View.php(217): CodeIgniter\View\View->CodeIgniter\View\{closure}()
#3 C:\wamp64\www\pos_project\system\Common.php(1097): CodeIgniter\View\View->render('product/product...', Array, true)
#4 C:\wamp64\www\pos_project\app\Controllers\ArrayTest.php(69): view('product/product...', Array)
#5 C:\wamp64\www\pos_project\system\CodeIgniter.php(824): App\Controllers\ArrayTest->FetchData()
#6 C:\wamp64\www\pos_project\system\CodeIgniter.php(410): CodeIgniter\CodeIgniter->runController(Object(App\Controllers\ArrayTest))
#7 C:\wamp64\www\pos_project\system\CodeIgniter.php(318): CodeIgniter\CodeIgniter->handleRequest(NULL, Object(Config\Cache), false)
#8 C:\wamp64\www\pos_project\public\index.php(37): CodeIgniter\CodeIgniter->run()
#9 C:\wamp64\www\pos_project\system\Commands\Server\rewrite.php(43): require_once('C:\\wamp64\\www\\p...')
#10 {main}
CRITICAL - 2022-01-09 01:11:46 --> json_decode() expects parameter 1 to be string, array given
#0 [internal function]: CodeIgniter\Debug\Exceptions->errorHandler(2, 'json_decode() e...', 'C:\\wamp64\\www\\p...', 62, Array)
#1 C:\wamp64\www\pos_project\app\Controllers\ArrayTest.php(62): json_decode(Array)
#2 C:\wamp64\www\pos_project\system\CodeIgniter.php(824): App\Controllers\ArrayTest->FetchData()
#3 C:\wamp64\www\pos_project\system\CodeIgniter.php(410): CodeIgniter\CodeIgniter->runController(Object(App\Controllers\ArrayTest))
#4 C:\wamp64\www\pos_project\system\CodeIgniter.php(318): CodeIgniter\CodeIgniter->handleRequest(NULL, Object(Config\Cache), false)
#5 C:\wamp64\www\pos_project\public\index.php(37): CodeIgniter\CodeIgniter->run()
#6 C:\wamp64\www\pos_project\system\Commands\Server\rewrite.php(43): require_once('C:\\wamp64\\www\\p...')
#7 {main}
CRITICAL - 2022-01-09 01:13:39 --> Undefined variable: data
#0 C:\wamp64\www\pos_project\app\Views\product\productForm.php(54): CodeIgniter\Debug\Exceptions->errorHandler(8, 'Undefined varia...', 'C:\\wamp64\\www\\p...', 54, Array)
#1 C:\wamp64\www\pos_project\system\View\View.php(214): include('C:\\wamp64\\www\\p...')
#2 C:\wamp64\www\pos_project\system\View\View.php(217): CodeIgniter\View\View->CodeIgniter\View\{closure}()
#3 C:\wamp64\www\pos_project\system\Common.php(1097): CodeIgniter\View\View->render('product/product...', Array, true)
#4 C:\wamp64\www\pos_project\app\Controllers\ArrayTest.php(39): view('product/product...')
#5 C:\wamp64\www\pos_project\system\CodeIgniter.php(824): App\Controllers\ArrayTest->index()
#6 C:\wamp64\www\pos_project\system\CodeIgniter.php(410): CodeIgniter\CodeIgniter->runController(Object(App\Controllers\ArrayTest))
#7 C:\wamp64\www\pos_project\system\CodeIgniter.php(318): CodeIgniter\CodeIgniter->handleRequest(NULL, Object(Config\Cache), false)
#8 C:\wamp64\www\pos_project\public\index.php(37): CodeIgniter\CodeIgniter->run()
#9 C:\wamp64\www\pos_project\system\Commands\Server\rewrite.php(43): require_once('C:\\wamp64\\www\\p...')
#10 {main}
CRITICAL - 2022-01-09 01:14:10 --> Undefined index: details
#0 C:\wamp64\www\pos_project\app\Controllers\ArrayTest.php(62): CodeIgniter\Debug\Exceptions->errorHandler(8, 'Undefined index...', 'C:\\wamp64\\www\\p...', 62, Array)
#1 C:\wamp64\www\pos_project\system\CodeIgniter.php(824): App\Controllers\ArrayTest->FetchData()
#2 C:\wamp64\www\pos_project\system\CodeIgniter.php(410): CodeIgniter\CodeIgniter->runController(Object(App\Controllers\ArrayTest))
#3 C:\wamp64\www\pos_project\system\CodeIgniter.php(318): CodeIgniter\CodeIgniter->handleRequest(NULL, Object(Config\Cache), false)
#4 C:\wamp64\www\pos_project\public\index.php(37): CodeIgniter\CodeIgniter->run()
#5 C:\wamp64\www\pos_project\system\Commands\Server\rewrite.php(43): require_once('C:\\wamp64\\www\\p...')
#6 {main}
CRITICAL - 2022-01-09 01:16:02 --> Illegal string offset 'productName'
#0 C:\wamp64\www\pos_project\app\Views\product\productForm.php(59): CodeIgniter\Debug\Exceptions->errorHandler(2, 'Illegal string ...', 'C:\\wamp64\\www\\p...', 59, Array)
#1 C:\wamp64\www\pos_project\system\View\View.php(214): include('C:\\wamp64\\www\\p...')
#2 C:\wamp64\www\pos_project\system\View\View.php(217): CodeIgniter\View\View->CodeIgniter\View\{closure}()
#3 C:\wamp64\www\pos_project\system\Common.php(1097): CodeIgniter\View\View->render('product/product...', Array, true)
#4 C:\wamp64\www\pos_project\app\Controllers\ArrayTest.php(71): view('product/product...', Array)
#5 C:\wamp64\www\pos_project\system\CodeIgniter.php(824): App\Controllers\ArrayTest->FetchData()
#6 C:\wamp64\www\pos_project\system\CodeIgniter.php(410): CodeIgniter\CodeIgniter->runController(Object(App\Controllers\ArrayTest))
#7 C:\wamp64\www\pos_project\system\CodeIgniter.php(318): CodeIgniter\CodeIgniter->handleRequest(NULL, Object(Config\Cache), false)
#8 C:\wamp64\www\pos_project\public\index.php(37): CodeIgniter\CodeIgniter->run()
#9 C:\wamp64\www\pos_project\system\Commands\Server\rewrite.php(43): require_once('C:\\wamp64\\www\\p...')
#10 {main}
CRITICAL - 2022-01-09 01:16:29 --> Undefined variable: data
#0 C:\wamp64\www\pos_project\app\Views\product\productForm.php(54): CodeIgniter\Debug\Exceptions->errorHandler(8, 'Undefined varia...', 'C:\\wamp64\\www\\p...', 54, Array)
#1 C:\wamp64\www\pos_project\system\View\View.php(214): include('C:\\wamp64\\www\\p...')
#2 C:\wamp64\www\pos_project\system\View\View.php(217): CodeIgniter\View\View->CodeIgniter\View\{closure}()
#3 C:\wamp64\www\pos_project\system\Common.php(1097): CodeIgniter\View\View->render('product/product...', Array, true)
#4 C:\wamp64\www\pos_project\app\Controllers\ArrayTest.php(39): view('product/product...')
#5 C:\wamp64\www\pos_project\system\CodeIgniter.php(824): App\Controllers\ArrayTest->index()
#6 C:\wamp64\www\pos_project\system\CodeIgniter.php(410): CodeIgniter\CodeIgniter->runController(Object(App\Controllers\ArrayTest))
#7 C:\wamp64\www\pos_project\system\CodeIgniter.php(318): CodeIgniter\CodeIgniter->handleRequest(NULL, Object(Config\Cache), false)
#8 C:\wamp64\www\pos_project\public\index.php(37): CodeIgniter\CodeIgniter->run()
#9 C:\wamp64\www\pos_project\system\Commands\Server\rewrite.php(43): require_once('C:\\wamp64\\www\\p...')
#10 {main}
CRITICAL - 2022-01-09 01:16:32 --> Illegal string offset 'productName'
#0 C:\wamp64\www\pos_project\app\Views\product\productForm.php(59): CodeIgniter\Debug\Exceptions->errorHandler(2, 'Illegal string ...', 'C:\\wamp64\\www\\p...', 59, Array)
#1 C:\wamp64\www\pos_project\system\View\View.php(214): include('C:\\wamp64\\www\\p...')
#2 C:\wamp64\www\pos_project\system\View\View.php(217): CodeIgniter\View\View->CodeIgniter\View\{closure}()
#3 C:\wamp64\www\pos_project\system\Common.php(1097): CodeIgniter\View\View->render('product/product...', Array, true)
#4 C:\wamp64\www\pos_project\app\Controllers\ArrayTest.php(71): view('product/product...', Array)
#5 C:\wamp64\www\pos_project\system\CodeIgniter.php(824): App\Controllers\ArrayTest->FetchData()
#6 C:\wamp64\www\pos_project\system\CodeIgniter.php(410): CodeIgniter\CodeIgniter->runController(Object(App\Controllers\ArrayTest))
#7 C:\wamp64\www\pos_project\system\CodeIgniter.php(318): CodeIgniter\CodeIgniter->handleRequest(NULL, Object(Config\Cache), false)
#8 C:\wamp64\www\pos_project\public\index.php(37): CodeIgniter\CodeIgniter->run()
#9 C:\wamp64\www\pos_project\system\Commands\Server\rewrite.php(43): require_once('C:\\wamp64\\www\\p...')
#10 {main}
CRITICAL - 2022-01-09 01:16:47 --> Illegal string offset 'productName'
#0 C:\wamp64\www\pos_project\app\Views\product\productForm.php(59): CodeIgniter\Debug\Exceptions->errorHandler(2, 'Illegal string ...', 'C:\\wamp64\\www\\p...', 59, Array)
#1 C:\wamp64\www\pos_project\system\View\View.php(214): include('C:\\wamp64\\www\\p...')
#2 C:\wamp64\www\pos_project\system\View\View.php(217): CodeIgniter\View\View->CodeIgniter\View\{closure}()
#3 C:\wamp64\www\pos_project\system\Common.php(1097): CodeIgniter\View\View->render('product/product...', Array, true)
#4 C:\wamp64\www\pos_project\app\Controllers\ArrayTest.php(71): view('product/product...', Array)
#5 C:\wamp64\www\pos_project\system\CodeIgniter.php(824): App\Controllers\ArrayTest->FetchData()
#6 C:\wamp64\www\pos_project\system\CodeIgniter.php(410): CodeIgniter\CodeIgniter->runController(Object(App\Controllers\ArrayTest))
#7 C:\wamp64\www\pos_project\system\CodeIgniter.php(318): CodeIgniter\CodeIgniter->handleRequest(NULL, Object(Config\Cache), false)
#8 C:\wamp64\www\pos_project\public\index.php(37): CodeIgniter\CodeIgniter->run()
#9 C:\wamp64\www\pos_project\system\Commands\Server\rewrite.php(43): require_once('C:\\wamp64\\www\\p...')
#10 {main}
CRITICAL - 2022-01-09 01:18:27 --> Trying to get property 'productName' of non-object
#0 C:\wamp64\www\pos_project\app\Views\product\productForm.php(62): CodeIgniter\Debug\Exceptions->errorHandler(8, 'Trying to get p...', 'C:\\wamp64\\www\\p...', 62, Array)
#1 C:\wamp64\www\pos_project\system\View\View.php(214): include('C:\\wamp64\\www\\p...')
#2 C:\wamp64\www\pos_project\system\View\View.php(217): CodeIgniter\View\View->CodeIgniter\View\{closure}()
#3 C:\wamp64\www\pos_project\system\Common.php(1097): CodeIgniter\View\View->render('product/product...', Array, true)
#4 C:\wamp64\www\pos_project\app\Controllers\ArrayTest.php(71): view('product/product...', Array)
#5 C:\wamp64\www\pos_project\system\CodeIgniter.php(824): App\Controllers\ArrayTest->FetchData()
#6 C:\wamp64\www\pos_project\system\CodeIgniter.php(410): CodeIgniter\CodeIgniter->runController(Object(App\Controllers\ArrayTest))
#7 C:\wamp64\www\pos_project\system\CodeIgniter.php(318): CodeIgniter\CodeIgniter->handleRequest(NULL, Object(Config\Cache), false)
#8 C:\wamp64\www\pos_project\public\index.php(37): CodeIgniter\CodeIgniter->run()
#9 C:\wamp64\www\pos_project\system\Commands\Server\rewrite.php(43): require_once('C:\\wamp64\\www\\p...')
#10 {main}
CRITICAL - 2022-01-09 01:21:01 --> array_push() expects parameter 1 to be array, object given
#0 [internal function]: CodeIgniter\Debug\Exceptions->errorHandler(2, 'array_push() ex...', 'C:\\wamp64\\www\\p...', 68, Array)
#1 C:\wamp64\www\pos_project\app\Controllers\ArrayTest.php(68): array_push(Object(stdClass))
#2 C:\wamp64\www\pos_project\system\CodeIgniter.php(824): App\Controllers\ArrayTest->FetchData()
#3 C:\wamp64\www\pos_project\system\CodeIgniter.php(410): CodeIgniter\CodeIgniter->runController(Object(App\Controllers\ArrayTest))
#4 C:\wamp64\www\pos_project\system\CodeIgniter.php(318): CodeIgniter\CodeIgniter->handleRequest(NULL, Object(Config\Cache), false)
#5 C:\wamp64\www\pos_project\public\index.php(37): CodeIgniter\CodeIgniter->run()
#6 C:\wamp64\www\pos_project\system\Commands\Server\rewrite.php(43): require_once('C:\\wamp64\\www\\p...')
#7 {main}
CRITICAL - 2022-01-09 01:25:40 --> Cannot use object of type stdClass as array
#0 C:\wamp64\www\pos_project\system\CodeIgniter.php(824): App\Controllers\ArrayTest->FetchData()
#1 C:\wamp64\www\pos_project\system\CodeIgniter.php(410): CodeIgniter\CodeIgniter->runController(Object(App\Controllers\ArrayTest))
#2 C:\wamp64\www\pos_project\system\CodeIgniter.php(318): CodeIgniter\CodeIgniter->handleRequest(NULL, Object(Config\Cache), false)
#3 C:\wamp64\www\pos_project\public\index.php(37): CodeIgniter\CodeIgniter->run()
#4 C:\wamp64\www\pos_project\system\Commands\Server\rewrite.php(43): require_once('C:\\wamp64\\www\\p...')
#5 {main}
CRITICAL - 2022-01-09 01:25:41 --> Cannot use object of type stdClass as array
#0 C:\wamp64\www\pos_project\system\CodeIgniter.php(824): App\Controllers\ArrayTest->FetchData()
#1 C:\wamp64\www\pos_project\system\CodeIgniter.php(410): CodeIgniter\CodeIgniter->runController(Object(App\Controllers\ArrayTest))
#2 C:\wamp64\www\pos_project\system\CodeIgniter.php(318): CodeIgniter\CodeIgniter->handleRequest(NULL, Object(Config\Cache), false)
#3 C:\wamp64\www\pos_project\public\index.php(37): CodeIgniter\CodeIgniter->run()
#4 C:\wamp64\www\pos_project\system\Commands\Server\rewrite.php(43): require_once('C:\\wamp64\\www\\p...')
#5 {main}
CRITICAL - 2022-01-09 01:31:57 --> Argument 2 passed to view() must be of the type array, object given, called in C:\wamp64\www\pos_project\app\Controllers\ArrayTest.php on line 73
#0 C:\wamp64\www\pos_project\app\Controllers\ArrayTest.php(73): view('product/product...', Object(stdClass))
#1 C:\wamp64\www\pos_project\system\CodeIgniter.php(824): App\Controllers\ArrayTest->FetchData()
#2 C:\wamp64\www\pos_project\system\CodeIgniter.php(410): CodeIgniter\CodeIgniter->runController(Object(App\Controllers\ArrayTest))
#3 C:\wamp64\www\pos_project\system\CodeIgniter.php(318): CodeIgniter\CodeIgniter->handleRequest(NULL, Object(Config\Cache), false)
#4 C:\wamp64\www\pos_project\public\index.php(37): CodeIgniter\CodeIgniter->run()
#5 C:\wamp64\www\pos_project\system\Commands\Server\rewrite.php(43): require_once('C:\\wamp64\\www\\p...')
#6 {main}
CRITICAL - 2022-01-09 01:41:35 --> Call to a member function findAll() on array
#0 C:\wamp64\www\pos_project\system\CodeIgniter.php(824): App\Controllers\ArrayTest->FetchData()
#1 C:\wamp64\www\pos_project\system\CodeIgniter.php(410): CodeIgniter\CodeIgniter->runController(Object(App\Controllers\ArrayTest))
#2 C:\wamp64\www\pos_project\system\CodeIgniter.php(318): CodeIgniter\CodeIgniter->handleRequest(NULL, Object(Config\Cache), false)
#3 C:\wamp64\www\pos_project\public\index.php(37): CodeIgniter\CodeIgniter->run()
#4 C:\wamp64\www\pos_project\system\Commands\Server\rewrite.php(43): require_once('C:\\wamp64\\www\\p...')
#5 {main}
CRITICAL - 2022-01-09 01:41:49 --> Call to a member function findAll() on array
#0 C:\wamp64\www\pos_project\system\CodeIgniter.php(824): App\Controllers\ArrayTest->FetchData()
#1 C:\wamp64\www\pos_project\system\CodeIgniter.php(410): CodeIgniter\CodeIgniter->runController(Object(App\Controllers\ArrayTest))
#2 C:\wamp64\www\pos_project\system\CodeIgniter.php(318): CodeIgniter\CodeIgniter->handleRequest(NULL, Object(Config\Cache), false)
#3 C:\wamp64\www\pos_project\public\index.php(37): CodeIgniter\CodeIgniter->run()
#4 C:\wamp64\www\pos_project\system\Commands\Server\rewrite.php(43): require_once('C:\\wamp64\\www\\p...')
#5 {main}
CRITICAL - 2022-01-09 01:41:58 --> Call to a member function findAll() on array
#0 C:\wamp64\www\pos_project\system\CodeIgniter.php(824): App\Controllers\ArrayTest->FetchData()
#1 C:\wamp64\www\pos_project\system\CodeIgniter.php(410): CodeIgniter\CodeIgniter->runController(Object(App\Controllers\ArrayTest))
#2 C:\wamp64\www\pos_project\system\CodeIgniter.php(318): CodeIgniter\CodeIgniter->handleRequest(NULL, Object(Config\Cache), false)
#3 C:\wamp64\www\pos_project\public\index.php(37): CodeIgniter\CodeIgniter->run()
#4 C:\wamp64\www\pos_project\system\Commands\Server\rewrite.php(43): require_once('C:\\wamp64\\www\\p...')
#5 {main}
CRITICAL - 2022-01-09 01:41:59 --> Call to a member function findAll() on array
#0 C:\wamp64\www\pos_project\system\CodeIgniter.php(824): App\Controllers\ArrayTest->FetchData()
#1 C:\wamp64\www\pos_project\system\CodeIgniter.php(410): CodeIgniter\CodeIgniter->runController(Object(App\Controllers\ArrayTest))
#2 C:\wamp64\www\pos_project\system\CodeIgniter.php(318): CodeIgniter\CodeIgniter->handleRequest(NULL, Object(Config\Cache), false)
#3 C:\wamp64\www\pos_project\public\index.php(37): CodeIgniter\CodeIgniter->run()
#4 C:\wamp64\www\pos_project\system\Commands\Server\rewrite.php(43): require_once('C:\\wamp64\\www\\p...')
#5 {main}
CRITICAL - 2022-01-09 01:42:15 --> Call to a member function findAll() on array
#0 C:\wamp64\www\pos_project\system\CodeIgniter.php(824): App\Controllers\ArrayTest->FetchData()
#1 C:\wamp64\www\pos_project\system\CodeIgniter.php(410): CodeIgniter\CodeIgniter->runController(Object(App\Controllers\ArrayTest))
#2 C:\wamp64\www\pos_project\system\CodeIgniter.php(318): CodeIgniter\CodeIgniter->handleRequest(NULL, Object(Config\Cache), false)
#3 C:\wamp64\www\pos_project\public\index.php(37): CodeIgniter\CodeIgniter->run()
#4 C:\wamp64\www\pos_project\system\Commands\Server\rewrite.php(43): require_once('C:\\wamp64\\www\\p...')
#5 {main}
CRITICAL - 2022-01-09 01:51:37 --> Undefined variable: arr
#0 C:\wamp64\www\pos_project\app\Views\product\productForm.php(53): CodeIgniter\Debug\Exceptions->errorHandler(8, 'Undefined varia...', 'C:\\wamp64\\www\\p...', 53, Array)
#1 C:\wamp64\www\pos_project\system\View\View.php(214): include('C:\\wamp64\\www\\p...')
#2 C:\wamp64\www\pos_project\system\View\View.php(217): CodeIgniter\View\View->CodeIgniter\View\{closure}()
#3 C:\wamp64\www\pos_project\system\Common.php(1097): CodeIgniter\View\View->render('product/product...', Array, true)
#4 C:\wamp64\www\pos_project\app\Controllers\ArrayTest.php(39): view('product/product...')
#5 C:\wamp64\www\pos_project\system\CodeIgniter.php(824): App\Controllers\ArrayTest->index()
#6 C:\wamp64\www\pos_project\system\CodeIgniter.php(410): CodeIgniter\CodeIgniter->runController(Object(App\Controllers\ArrayTest))
#7 C:\wamp64\www\pos_project\system\CodeIgniter.php(318): CodeIgniter\CodeIgniter->handleRequest(NULL, Object(Config\Cache), false)
#8 C:\wamp64\www\pos_project\public\index.php(37): CodeIgniter\CodeIgniter->run()
#9 C:\wamp64\www\pos_project\system\Commands\Server\rewrite.php(43): require_once('C:\\wamp64\\www\\p...')
#10 {main}
CRITICAL - 2022-01-09 01:51:41 --> Undefined variable: arr
#0 C:\wamp64\www\pos_project\app\Views\product\productForm.php(53): CodeIgniter\Debug\Exceptions->errorHandler(8, 'Undefined varia...', 'C:\\wamp64\\www\\p...', 53, Array)
#1 C:\wamp64\www\pos_project\system\View\View.php(214): include('C:\\wamp64\\www\\p...')
#2 C:\wamp64\www\pos_project\system\View\View.php(217): CodeIgniter\View\View->CodeIgniter\View\{closure}()
#3 C:\wamp64\www\pos_project\system\Common.php(1097): CodeIgniter\View\View->render('product/product...', Array, true)
#4 C:\wamp64\www\pos_project\app\Controllers\ArrayTest.php(39): view('product/product...')
#5 C:\wamp64\www\pos_project\system\CodeIgniter.php(824): App\Controllers\ArrayTest->index()
#6 C:\wamp64\www\pos_project\system\CodeIgniter.php(410): CodeIgniter\CodeIgniter->runController(Object(App\Controllers\ArrayTest))
#7 C:\wamp64\www\pos_project\system\CodeIgniter.php(318): CodeIgniter\CodeIgniter->handleRequest(NULL, Object(Config\Cache), false)
#8 C:\wamp64\www\pos_project\public\index.php(37): CodeIgniter\CodeIgniter->run()
#9 C:\wamp64\www\pos_project\system\Commands\Server\rewrite.php(43): require_once('C:\\wamp64\\www\\p...')
#10 {main}
CRITICAL - 2022-01-09 01:51:53 --> Undefined variable: arr
#0 C:\wamp64\www\pos_project\app\Views\product\productForm.php(53): CodeIgniter\Debug\Exceptions->errorHandler(8, 'Undefined varia...', 'C:\\wamp64\\www\\p...', 53, Array)
#1 C:\wamp64\www\pos_project\system\View\View.php(214): include('C:\\wamp64\\www\\p...')
#2 C:\wamp64\www\pos_project\system\View\View.php(217): CodeIgniter\View\View->CodeIgniter\View\{closure}()
#3 C:\wamp64\www\pos_project\system\Common.php(1097): CodeIgniter\View\View->render('product/product...', Array, true)
#4 C:\wamp64\www\pos_project\app\Controllers\ArrayTest.php(39): view('product/product...')
#5 C:\wamp64\www\pos_project\system\CodeIgniter.php(824): App\Controllers\ArrayTest->index()
#6 C:\wamp64\www\pos_project\system\CodeIgniter.php(410): CodeIgniter\CodeIgniter->runController(Object(App\Controllers\ArrayTest))
#7 C:\wamp64\www\pos_project\system\CodeIgniter.php(318): CodeIgniter\CodeIgniter->handleRequest(NULL, Object(Config\Cache), false)
#8 C:\wamp64\www\pos_project\public\index.php(37): CodeIgniter\CodeIgniter->run()
#9 C:\wamp64\www\pos_project\system\Commands\Server\rewrite.php(43): require_once('C:\\wamp64\\www\\p...')
#10 {main}
CRITICAL - 2022-01-09 01:53:17 --> Undefined variable: data
#0 C:\wamp64\www\pos_project\app\Views\product\productForm.php(54): CodeIgniter\Debug\Exceptions->errorHandler(8, 'Undefined varia...', 'C:\\wamp64\\www\\p...', 54, Array)
#1 C:\wamp64\www\pos_project\system\View\View.php(214): include('C:\\wamp64\\www\\p...')
#2 C:\wamp64\www\pos_project\system\View\View.php(217): CodeIgniter\View\View->CodeIgniter\View\{closure}()
#3 C:\wamp64\www\pos_project\system\Common.php(1097): CodeIgniter\View\View->render('product/product...', Array, true)
#4 C:\wamp64\www\pos_project\app\Controllers\ArrayTest.php(39): view('product/product...')
#5 C:\wamp64\www\pos_project\system\CodeIgniter.php(824): App\Controllers\ArrayTest->index()
#6 C:\wamp64\www\pos_project\system\CodeIgniter.php(410): CodeIgniter\CodeIgniter->runController(Object(App\Controllers\ArrayTest))
#7 C:\wamp64\www\pos_project\system\CodeIgniter.php(318): CodeIgniter\CodeIgniter->handleRequest(NULL, Object(Config\Cache), false)
#8 C:\wamp64\www\pos_project\public\index.php(37): CodeIgniter\CodeIgniter->run()
#9 C:\wamp64\www\pos_project\system\Commands\Server\rewrite.php(43): require_once('C:\\wamp64\\www\\p...')
#10 {main}
CRITICAL - 2022-01-09 01:53:36 --> Undefined variable: data
#0 C:\wamp64\www\pos_project\app\Views\product\productForm.php(54): CodeIgniter\Debug\Exceptions->errorHandler(8, 'Undefined varia...', 'C:\\wamp64\\www\\p...', 54, Array)
#1 C:\wamp64\www\pos_project\system\View\View.php(214): include('C:\\wamp64\\www\\p...')
#2 C:\wamp64\www\pos_project\system\View\View.php(217): CodeIgniter\View\View->CodeIgniter\View\{closure}()
#3 C:\wamp64\www\pos_project\system\Common.php(1097): CodeIgniter\View\View->render('product/product...', Array, true)
#4 C:\wamp64\www\pos_project\app\Controllers\ArrayTest.php(39): view('product/product...')
#5 C:\wamp64\www\pos_project\system\CodeIgniter.php(824): App\Controllers\ArrayTest->index()
#6 C:\wamp64\www\pos_project\system\CodeIgniter.php(410): CodeIgniter\CodeIgniter->runController(Object(App\Controllers\ArrayTest))
#7 C:\wamp64\www\pos_project\system\CodeIgniter.php(318): CodeIgniter\CodeIgniter->handleRequest(NULL, Object(Config\Cache), false)
#8 C:\wamp64\www\pos_project\public\index.php(37): CodeIgniter\CodeIgniter->run()
#9 C:\wamp64\www\pos_project\system\Commands\Server\rewrite.php(43): require_once('C:\\wamp64\\www\\p...')
#10 {main}
CRITICAL - 2022-01-09 03:40:10 --> Trying to get property 'productName' of non-object
#0 C:\wamp64\www\pos_project\app\Views\product\productForm.php(63): CodeIgniter\Debug\Exceptions->errorHandler(8, 'Trying to get p...', 'C:\\wamp64\\www\\p...', 63, Array)
#1 C:\wamp64\www\pos_project\system\View\View.php(214): include('C:\\wamp64\\www\\p...')
#2 C:\wamp64\www\pos_project\system\View\View.php(217): CodeIgniter\View\View->CodeIgniter\View\{closure}()
#3 C:\wamp64\www\pos_project\system\Common.php(1097): CodeIgniter\View\View->render('product/product...', Array, true)
#4 C:\wamp64\www\pos_project\app\Controllers\ArrayTest.php(52): view('product/product...', Array)
#5 C:\wamp64\www\pos_project\system\CodeIgniter.php(824): App\Controllers\ArrayTest->index()
#6 C:\wamp64\www\pos_project\system\CodeIgniter.php(410): CodeIgniter\CodeIgniter->runController(Object(App\Controllers\ArrayTest))
#7 C:\wamp64\www\pos_project\system\CodeIgniter.php(318): CodeIgniter\CodeIgniter->handleRequest(NULL, Object(Config\Cache), false)
#8 C:\wamp64\www\pos_project\public\index.php(37): CodeIgniter\CodeIgniter->run()
#9 C:\wamp64\www\pos_project\system\Commands\Server\rewrite.php(43): require_once('C:\\wamp64\\www\\p...')
#10 {main}
CRITICAL - 2022-01-09 03:43:54 --> count(): Parameter must be an array or an object that implements Countable
#0 C:\wamp64\www\pos_project\app\Views\product\productForm.php(56): CodeIgniter\Debug\Exceptions->errorHandler(2, 'count(): Parame...', 'C:\\wamp64\\www\\p...', 56, Array)
#1 C:\wamp64\www\pos_project\system\View\View.php(214): include('C:\\wamp64\\www\\p...')
#2 C:\wamp64\www\pos_project\system\View\View.php(217): CodeIgniter\View\View->CodeIgniter\View\{closure}()
#3 C:\wamp64\www\pos_project\system\Common.php(1097): CodeIgniter\View\View->render('product/product...', Array, true)
#4 C:\wamp64\www\pos_project\app\Controllers\ArrayTest.php(52): view('product/product...', Array)
#5 C:\wamp64\www\pos_project\system\CodeIgniter.php(824): App\Controllers\ArrayTest->index()
#6 C:\wamp64\www\pos_project\system\CodeIgniter.php(410): CodeIgniter\CodeIgniter->runController(Object(App\Controllers\ArrayTest))
#7 C:\wamp64\www\pos_project\system\CodeIgniter.php(318): CodeIgniter\CodeIgniter->handleRequest(NULL, Object(Config\Cache), false)
#8 C:\wamp64\www\pos_project\public\index.php(37): CodeIgniter\CodeIgniter->run()
#9 C:\wamp64\www\pos_project\system\Commands\Server\rewrite.php(43): require_once('C:\\wamp64\\www\\p...')
#10 {main}
CRITICAL - 2022-01-09 03:45:20 --> count(): Parameter must be an array or an object that implements Countable
#0 C:\wamp64\www\pos_project\app\Views\product\productForm.php(57): CodeIgniter\Debug\Exceptions->errorHandler(2, 'count(): Parame...', 'C:\\wamp64\\www\\p...', 57, Array)
#1 C:\wamp64\www\pos_project\system\View\View.php(214): include('C:\\wamp64\\www\\p...')
#2 C:\wamp64\www\pos_project\system\View\View.php(217): CodeIgniter\View\View->CodeIgniter\View\{closure}()
#3 C:\wamp64\www\pos_project\system\Common.php(1097): CodeIgniter\View\View->render('product/product...', Array, true)
#4 C:\wamp64\www\pos_project\app\Controllers\ArrayTest.php(52): view('product/product...', Array)
#5 C:\wamp64\www\pos_project\system\CodeIgniter.php(824): App\Controllers\ArrayTest->index()
#6 C:\wamp64\www\pos_project\system\CodeIgniter.php(410): CodeIgniter\CodeIgniter->runController(Object(App\Controllers\ArrayTest))
#7 C:\wamp64\www\pos_project\system\CodeIgniter.php(318): CodeIgniter\CodeIgniter->handleRequest(NULL, Object(Config\Cache), false)
#8 C:\wamp64\www\pos_project\public\index.php(37): CodeIgniter\CodeIgniter->run()
#9 C:\wamp64\www\pos_project\system\Commands\Server\rewrite.php(43): require_once('C:\\wamp64\\www\\p...')
#10 {main}
CRITICAL - 2022-01-09 03:54:33 --> Undefined property: stdClass::$id
#0 C:\wamp64\www\pos_project\app\Views\product\productForm.php(67): CodeIgniter\Debug\Exceptions->errorHandler(8, 'Undefined prope...', 'C:\\wamp64\\www\\p...', 67, Array)
#1 C:\wamp64\www\pos_project\system\View\View.php(214): include('C:\\wamp64\\www\\p...')
#2 C:\wamp64\www\pos_project\system\View\View.php(217): CodeIgniter\View\View->CodeIgniter\View\{closure}()
#3 C:\wamp64\www\pos_project\system\Common.php(1097): CodeIgniter\View\View->render('product/product...', Array, true)
#4 C:\wamp64\www\pos_project\app\Controllers\ArrayTest.php(52): view('product/product...', Array)
#5 C:\wamp64\www\pos_project\system\CodeIgniter.php(824): App\Controllers\ArrayTest->index()
#6 C:\wamp64\www\pos_project\system\CodeIgniter.php(410): CodeIgniter\CodeIgniter->runController(Object(App\Controllers\ArrayTest))
#7 C:\wamp64\www\pos_project\system\CodeIgniter.php(318): CodeIgniter\CodeIgniter->handleRequest(NULL, Object(Config\Cache), false)
#8 C:\wamp64\www\pos_project\public\index.php(37): CodeIgniter\CodeIgniter->run()
#9 C:\wamp64\www\pos_project\system\Commands\Server\rewrite.php(43): require_once('C:\\wamp64\\www\\p...')
#10 {main}
CRITICAL - 2022-01-09 03:56:29 --> Undefined property: stdClass::$id
#0 C:\wamp64\www\pos_project\app\Views\product\productForm.php(67): CodeIgniter\Debug\Exceptions->errorHandler(8, 'Undefined prope...', 'C:\\wamp64\\www\\p...', 67, Array)
#1 C:\wamp64\www\pos_project\system\View\View.php(214): include('C:\\wamp64\\www\\p...')
#2 C:\wamp64\www\pos_project\system\View\View.php(217): CodeIgniter\View\View->CodeIgniter\View\{closure}()
#3 C:\wamp64\www\pos_project\system\Common.php(1097): CodeIgniter\View\View->render('product/product...', Array, true)
#4 C:\wamp64\www\pos_project\app\Controllers\ArrayTest.php(52): view('product/product...', Array)
#5 C:\wamp64\www\pos_project\system\CodeIgniter.php(824): App\Controllers\ArrayTest->index()
#6 C:\wamp64\www\pos_project\system\CodeIgniter.php(410): CodeIgniter\CodeIgniter->runController(Object(App\Controllers\ArrayTest))
#7 C:\wamp64\www\pos_project\system\CodeIgniter.php(318): CodeIgniter\CodeIgniter->handleRequest(NULL, Object(Config\Cache), false)
#8 C:\wamp64\www\pos_project\public\index.php(37): CodeIgniter\CodeIgniter->run()
#9 C:\wamp64\www\pos_project\system\Commands\Server\rewrite.php(43): require_once('C:\\wamp64\\www\\p...')
#10 {main}
CRITICAL - 2022-01-09 03:58:50 --> Undefined property: stdClass::$id
#0 C:\wamp64\www\pos_project\app\Views\product\productForm.php(67): CodeIgniter\Debug\Exceptions->errorHandler(8, 'Undefined prope...', 'C:\\wamp64\\www\\p...', 67, Array)
#1 C:\wamp64\www\pos_project\system\View\View.php(214): include('C:\\wamp64\\www\\p...')
#2 C:\wamp64\www\pos_project\system\View\View.php(217): CodeIgniter\View\View->CodeIgniter\View\{closure}()
#3 C:\wamp64\www\pos_project\system\Common.php(1097): CodeIgniter\View\View->render('product/product...', Array, true)
#4 C:\wamp64\www\pos_project\app\Controllers\ArrayTest.php(52): view('product/product...', Array)
#5 C:\wamp64\www\pos_project\system\CodeIgniter.php(824): App\Controllers\ArrayTest->index()
#6 C:\wamp64\www\pos_project\system\CodeIgniter.php(410): CodeIgniter\CodeIgniter->runController(Object(App\Controllers\ArrayTest))
#7 C:\wamp64\www\pos_project\system\CodeIgniter.php(318): CodeIgniter\CodeIgniter->handleRequest(NULL, Object(Config\Cache), false)
#8 C:\wamp64\www\pos_project\public\index.php(37): CodeIgniter\CodeIgniter->run()
#9 C:\wamp64\www\pos_project\system\Commands\Server\rewrite.php(43): require_once('C:\\wamp64\\www\\p...')
#10 {main}
CRITICAL - 2022-01-09 04:01:52 --> Undefined variable: row
#0 C:\wamp64\www\pos_project\app\Views\product\productForm.php(54): CodeIgniter\Debug\Exceptions->errorHandler(8, 'Undefined varia...', 'C:\\wamp64\\www\\p...', 54, Array)
#1 C:\wamp64\www\pos_project\system\View\View.php(214): include('C:\\wamp64\\www\\p...')
#2 C:\wamp64\www\pos_project\system\View\View.php(217): CodeIgniter\View\View->CodeIgniter\View\{closure}()
#3 C:\wamp64\www\pos_project\system\Common.php(1097): CodeIgniter\View\View->render('product/product...', Array, true)
#4 C:\wamp64\www\pos_project\app\Controllers\ArrayTest.php(52): view('product/product...', Array)
#5 C:\wamp64\www\pos_project\system\CodeIgniter.php(824): App\Controllers\ArrayTest->index()
#6 C:\wamp64\www\pos_project\system\CodeIgniter.php(410): CodeIgniter\CodeIgniter->runController(Object(App\Controllers\ArrayTest))
#7 C:\wamp64\www\pos_project\system\CodeIgniter.php(318): CodeIgniter\CodeIgniter->handleRequest(NULL, Object(Config\Cache), false)
#8 C:\wamp64\www\pos_project\public\index.php(37): CodeIgniter\CodeIgniter->run()
#9 C:\wamp64\www\pos_project\system\Commands\Server\rewrite.php(43): require_once('C:\\wamp64\\www\\p...')
#10 {main}
CRITICAL - 2022-01-09 04:15:24 --> Illegal string offset 'details'
#0 C:\wamp64\www\pos_project\app\Controllers\ArrayTest.php(46): CodeIgniter\Debug\Exceptions->errorHandler(2, 'Illegal string ...', 'C:\\wamp64\\www\\p...', 46, Array)
#1 C:\wamp64\www\pos_project\system\CodeIgniter.php(824): App\Controllers\ArrayTest->index()
#2 C:\wamp64\www\pos_project\system\CodeIgniter.php(410): CodeIgniter\CodeIgniter->runController(Object(App\Controllers\ArrayTest))
#3 C:\wamp64\www\pos_project\system\CodeIgniter.php(318): CodeIgniter\CodeIgniter->handleRequest(NULL, Object(Config\Cache), false)
#4 C:\wamp64\www\pos_project\public\index.php(37): CodeIgniter\CodeIgniter->run()
#5 C:\wamp64\www\pos_project\system\Commands\Server\rewrite.php(43): require_once('C:\\wamp64\\www\\p...')
#6 {main}
CRITICAL - 2022-01-09 04:19:47 --> json_decode() expects parameter 1 to be string, array given
#0 [internal function]: CodeIgniter\Debug\Exceptions->errorHandler(2, 'json_decode() e...', 'C:\\wamp64\\www\\p...', 41, Array)
#1 C:\wamp64\www\pos_project\app\Controllers\ArrayTest.php(41): json_decode(Array)
#2 C:\wamp64\www\pos_project\system\CodeIgniter.php(824): App\Controllers\ArrayTest->index()
#3 C:\wamp64\www\pos_project\system\CodeIgniter.php(410): CodeIgniter\CodeIgniter->runController(Object(App\Controllers\ArrayTest))
#4 C:\wamp64\www\pos_project\system\CodeIgniter.php(318): CodeIgniter\CodeIgniter->handleRequest(NULL, Object(Config\Cache), false)
#5 C:\wamp64\www\pos_project\public\index.php(37): CodeIgniter\CodeIgniter->run()
#6 C:\wamp64\www\pos_project\system\Commands\Server\rewrite.php(43): require_once('C:\\wamp64\\www\\p...')
#7 {main}
CRITICAL - 2022-01-09 04:22:10 --> json_decode() expects parameter 1 to be string, array given
#0 [internal function]: CodeIgniter\Debug\Exceptions->errorHandler(2, 'json_decode() e...', 'C:\\wamp64\\www\\p...', 41, Array)
#1 C:\wamp64\www\pos_project\app\Controllers\ArrayTest.php(41): json_decode(Array)
#2 C:\wamp64\www\pos_project\system\CodeIgniter.php(824): App\Controllers\ArrayTest->index()
#3 C:\wamp64\www\pos_project\system\CodeIgniter.php(410): CodeIgniter\CodeIgniter->runController(Object(App\Controllers\ArrayTest))
#4 C:\wamp64\www\pos_project\system\CodeIgniter.php(318): CodeIgniter\CodeIgniter->handleRequest(NULL, Object(Config\Cache), false)
#5 C:\wamp64\www\pos_project\public\index.php(37): CodeIgniter\CodeIgniter->run()
#6 C:\wamp64\www\pos_project\system\Commands\Server\rewrite.php(43): require_once('C:\\wamp64\\www\\p...')
#7 {main}
CRITICAL - 2022-01-09 04:25:37 --> Undefined index: id
#0 C:\wamp64\www\pos_project\app\Controllers\ArrayTest.php(50): CodeIgniter\Debug\Exceptions->errorHandler(8, 'Undefined index...', 'C:\\wamp64\\www\\p...', 50, Array)
#1 C:\wamp64\www\pos_project\system\CodeIgniter.php(824): App\Controllers\ArrayTest->index()
#2 C:\wamp64\www\pos_project\system\CodeIgniter.php(410): CodeIgniter\CodeIgniter->runController(Object(App\Controllers\ArrayTest))
#3 C:\wamp64\www\pos_project\system\CodeIgniter.php(318): CodeIgniter\CodeIgniter->handleRequest(NULL, Object(Config\Cache), false)
#4 C:\wamp64\www\pos_project\public\index.php(37): CodeIgniter\CodeIgniter->run()
#5 C:\wamp64\www\pos_project\system\Commands\Server\rewrite.php(43): require_once('C:\\wamp64\\www\\p...')
#6 {main}
CRITICAL - 2022-01-09 04:25:59 --> Undefined index: $i
#0 C:\wamp64\www\pos_project\app\Controllers\ArrayTest.php(50): CodeIgniter\Debug\Exceptions->errorHandler(8, 'Undefined index...', 'C:\\wamp64\\www\\p...', 50, Array)
#1 C:\wamp64\www\pos_project\system\CodeIgniter.php(824): App\Controllers\ArrayTest->index()
#2 C:\wamp64\www\pos_project\system\CodeIgniter.php(410): CodeIgniter\CodeIgniter->runController(Object(App\Controllers\ArrayTest))
#3 C:\wamp64\www\pos_project\system\CodeIgniter.php(318): CodeIgniter\CodeIgniter->handleRequest(NULL, Object(Config\Cache), false)
#4 C:\wamp64\www\pos_project\public\index.php(37): CodeIgniter\CodeIgniter->run()
#5 C:\wamp64\www\pos_project\system\Commands\Server\rewrite.php(43): require_once('C:\\wamp64\\www\\p...')
#6 {main}
CRITICAL - 2022-01-09 04:26:00 --> Undefined index: $i
#0 C:\wamp64\www\pos_project\app\Controllers\ArrayTest.php(50): CodeIgniter\Debug\Exceptions->errorHandler(8, 'Undefined index...', 'C:\\wamp64\\www\\p...', 50, Array)
#1 C:\wamp64\www\pos_project\system\CodeIgniter.php(824): App\Controllers\ArrayTest->index()
#2 C:\wamp64\www\pos_project\system\CodeIgniter.php(410): CodeIgniter\CodeIgniter->runController(Object(App\Controllers\ArrayTest))
#3 C:\wamp64\www\pos_project\system\CodeIgniter.php(318): CodeIgniter\CodeIgniter->handleRequest(NULL, Object(Config\Cache), false)
#4 C:\wamp64\www\pos_project\public\index.php(37): CodeIgniter\CodeIgniter->run()
#5 C:\wamp64\www\pos_project\system\Commands\Server\rewrite.php(43): require_once('C:\\wamp64\\www\\p...')
#6 {main}
CRITICAL - 2022-01-09 04:42:29 --> Undefined index: id
#0 C:\wamp64\www\pos_project\app\Controllers\ArrayTest.php(43): CodeIgniter\Debug\Exceptions->errorHandler(8, 'Undefined index...', 'C:\\wamp64\\www\\p...', 43, Array)
#1 C:\wamp64\www\pos_project\system\CodeIgniter.php(824): App\Controllers\ArrayTest->index()
#2 C:\wamp64\www\pos_project\system\CodeIgniter.php(410): CodeIgniter\CodeIgniter->runController(Object(App\Controllers\ArrayTest))
#3 C:\wamp64\www\pos_project\system\CodeIgniter.php(318): CodeIgniter\CodeIgniter->handleRequest(NULL, Object(Config\Cache), false)
#4 C:\wamp64\www\pos_project\public\index.php(37): CodeIgniter\CodeIgniter->run()
#5 C:\wamp64\www\pos_project\system\Commands\Server\rewrite.php(43): require_once('C:\\wamp64\\www\\p...')
#6 {main}
CRITICAL - 2022-01-09 04:42:38 --> Use of undefined constant id - assumed 'id' (this will throw an Error in a future version of PHP)
#0 C:\wamp64\www\pos_project\app\Controllers\ArrayTest.php(43): CodeIgniter\Debug\Exceptions->errorHandler(2, 'Use of undefine...', 'C:\\wamp64\\www\\p...', 43, Array)
#1 C:\wamp64\www\pos_project\system\CodeIgniter.php(824): App\Controllers\ArrayTest->index()
#2 C:\wamp64\www\pos_project\system\CodeIgniter.php(410): CodeIgniter\CodeIgniter->runController(Object(App\Controllers\ArrayTest))
#3 C:\wamp64\www\pos_project\system\CodeIgniter.php(318): CodeIgniter\CodeIgniter->handleRequest(NULL, Object(Config\Cache), false)
#4 C:\wamp64\www\pos_project\public\index.php(37): CodeIgniter\CodeIgniter->run()
#5 C:\wamp64\www\pos_project\system\Commands\Server\rewrite.php(43): require_once('C:\\wamp64\\www\\p...')
#6 {main}
CRITICAL - 2022-01-09 04:42:47 --> Undefined variable: id
#0 C:\wamp64\www\pos_project\app\Controllers\ArrayTest.php(43): CodeIgniter\Debug\Exceptions->errorHandler(8, 'Undefined varia...', 'C:\\wamp64\\www\\p...', 43, Array)
#1 C:\wamp64\www\pos_project\system\CodeIgniter.php(824): App\Controllers\ArrayTest->index()
#2 C:\wamp64\www\pos_project\system\CodeIgniter.php(410): CodeIgniter\CodeIgniter->runController(Object(App\Controllers\ArrayTest))
#3 C:\wamp64\www\pos_project\system\CodeIgniter.php(318): CodeIgniter\CodeIgniter->handleRequest(NULL, Object(Config\Cache), false)
#4 C:\wamp64\www\pos_project\public\index.php(37): CodeIgniter\CodeIgniter->run()
#5 C:\wamp64\www\pos_project\system\Commands\Server\rewrite.php(43): require_once('C:\\wamp64\\www\\p...')
#6 {main}
CRITICAL - 2022-01-09 04:43:34 --> Undefined variable: id
#0 C:\wamp64\www\pos_project\app\Controllers\ArrayTest.php(51): CodeIgniter\Debug\Exceptions->errorHandler(8, 'Undefined varia...', 'C:\\wamp64\\www\\p...', 51, Array)
#1 C:\wamp64\www\pos_project\system\CodeIgniter.php(824): App\Controllers\ArrayTest->index()
#2 C:\wamp64\www\pos_project\system\CodeIgniter.php(410): CodeIgniter\CodeIgniter->runController(Object(App\Controllers\ArrayTest))
#3 C:\wamp64\www\pos_project\system\CodeIgniter.php(318): CodeIgniter\CodeIgniter->handleRequest(NULL, Object(Config\Cache), false)
#4 C:\wamp64\www\pos_project\public\index.php(37): CodeIgniter\CodeIgniter->run()
#5 C:\wamp64\www\pos_project\system\Commands\Server\rewrite.php(43): require_once('C:\\wamp64\\www\\p...')
#6 {main}
CRITICAL - 2022-01-09 04:45:33 --> Trying to get property 'productName' of non-object
#0 C:\wamp64\www\pos_project\app\Views\product\productForm.php(65): CodeIgniter\Debug\Exceptions->errorHandler(8, 'Trying to get p...', 'C:\\wamp64\\www\\p...', 65, Array)
#1 C:\wamp64\www\pos_project\system\View\View.php(214): include('C:\\wamp64\\www\\p...')
#2 C:\wamp64\www\pos_project\system\View\View.php(217): CodeIgniter\View\View->CodeIgniter\View\{closure}()
#3 C:\wamp64\www\pos_project\system\Common.php(1097): CodeIgniter\View\View->render('product/product...', Array, true)
#4 C:\wamp64\www\pos_project\app\Controllers\ArrayTest.php(54): view('product/product...', Array)
#5 C:\wamp64\www\pos_project\system\CodeIgniter.php(824): App\Controllers\ArrayTest->index()
#6 C:\wamp64\www\pos_project\system\CodeIgniter.php(410): CodeIgniter\CodeIgniter->runController(Object(App\Controllers\ArrayTest))
#7 C:\wamp64\www\pos_project\system\CodeIgniter.php(318): CodeIgniter\CodeIgniter->handleRequest(NULL, Object(Config\Cache), false)
#8 C:\wamp64\www\pos_project\public\index.php(37): CodeIgniter\CodeIgniter->run()
#9 C:\wamp64\www\pos_project\system\Commands\Server\rewrite.php(43): require_once('C:\\wamp64\\www\\p...')
#10 {main}
CRITICAL - 2022-01-09 04:48:13 --> Trying to get property 'productName' of non-object
#0 C:\wamp64\www\pos_project\app\Views\product\productForm.php(65): CodeIgniter\Debug\Exceptions->errorHandler(8, 'Trying to get p...', 'C:\\wamp64\\www\\p...', 65, Array)
#1 C:\wamp64\www\pos_project\system\View\View.php(214): include('C:\\wamp64\\www\\p...')
#2 C:\wamp64\www\pos_project\system\View\View.php(217): CodeIgniter\View\View->CodeIgniter\View\{closure}()
#3 C:\wamp64\www\pos_project\system\Common.php(1097): CodeIgniter\View\View->render('product/product...', Array, true)
#4 C:\wamp64\www\pos_project\app\Controllers\ArrayTest.php(55): view('product/product...', Array)
#5 C:\wamp64\www\pos_project\system\CodeIgniter.php(824): App\Controllers\ArrayTest->index()
#6 C:\wamp64\www\pos_project\system\CodeIgniter.php(410): CodeIgniter\CodeIgniter->runController(Object(App\Controllers\ArrayTest))
#7 C:\wamp64\www\pos_project\system\CodeIgniter.php(318): CodeIgniter\CodeIgniter->handleRequest(NULL, Object(Config\Cache), false)
#8 C:\wamp64\www\pos_project\public\index.php(37): CodeIgniter\CodeIgniter->run()
#9 C:\wamp64\www\pos_project\system\Commands\Server\rewrite.php(43): require_once('C:\\wamp64\\www\\p...')
#10 {main}
CRITICAL - 2022-01-09 04:48:59 --> Trying to get property 'productName' of non-object
#0 C:\wamp64\www\pos_project\app\Views\product\productForm.php(65): CodeIgniter\Debug\Exceptions->errorHandler(8, 'Trying to get p...', 'C:\\wamp64\\www\\p...', 65, Array)
#1 C:\wamp64\www\pos_project\system\View\View.php(214): include('C:\\wamp64\\www\\p...')
#2 C:\wamp64\www\pos_project\system\View\View.php(217): CodeIgniter\View\View->CodeIgniter\View\{closure}()
#3 C:\wamp64\www\pos_project\system\Common.php(1097): CodeIgniter\View\View->render('product/product...', Array, true)
#4 C:\wamp64\www\pos_project\app\Controllers\ArrayTest.php(55): view('product/product...', Array)
#5 C:\wamp64\www\pos_project\system\CodeIgniter.php(824): App\Controllers\ArrayTest->index()
#6 C:\wamp64\www\pos_project\system\CodeIgniter.php(410): CodeIgniter\CodeIgniter->runController(Object(App\Controllers\ArrayTest))
#7 C:\wamp64\www\pos_project\system\CodeIgniter.php(318): CodeIgniter\CodeIgniter->handleRequest(NULL, Object(Config\Cache), false)
#8 C:\wamp64\www\pos_project\public\index.php(37): CodeIgniter\CodeIgniter->run()
#9 C:\wamp64\www\pos_project\system\Commands\Server\rewrite.php(43): require_once('C:\\wamp64\\www\\p...')
#10 {main}
CRITICAL - 2022-01-09 04:50:22 --> Trying to get property 'productCode' of non-object
#0 C:\wamp64\www\pos_project\app\Views\product\productForm.php(70): CodeIgniter\Debug\Exceptions->errorHandler(8, 'Trying to get p...', 'C:\\wamp64\\www\\p...', 70, Array)
#1 C:\wamp64\www\pos_project\system\View\View.php(214): include('C:\\wamp64\\www\\p...')
#2 C:\wamp64\www\pos_project\system\View\View.php(217): CodeIgniter\View\View->CodeIgniter\View\{closure}()
#3 C:\wamp64\www\pos_project\system\Common.php(1097): CodeIgniter\View\View->render('product/product...', Array, true)
#4 C:\wamp64\www\pos_project\app\Controllers\ArrayTest.php(55): view('product/product...', Array)
#5 C:\wamp64\www\pos_project\system\CodeIgniter.php(824): App\Controllers\ArrayTest->index()
#6 C:\wamp64\www\pos_project\system\CodeIgniter.php(410): CodeIgniter\CodeIgniter->runController(Object(App\Controllers\ArrayTest))
#7 C:\wamp64\www\pos_project\system\CodeIgniter.php(318): CodeIgniter\CodeIgniter->handleRequest(NULL, Object(Config\Cache), false)
#8 C:\wamp64\www\pos_project\public\index.php(37): CodeIgniter\CodeIgniter->run()
#9 C:\wamp64\www\pos_project\system\Commands\Server\rewrite.php(43): require_once('C:\\wamp64\\www\\p...')
#10 {main}
CRITICAL - 2022-01-09 04:50:42 --> Cannot use object of type stdClass as array
#0 C:\wamp64\www\pos_project\system\View\View.php(214): include()
#1 C:\wamp64\www\pos_project\system\View\View.php(217): CodeIgniter\View\View->CodeIgniter\View\{closure}()
#2 C:\wamp64\www\pos_project\system\Common.php(1097): CodeIgniter\View\View->render('product/product...', Array, true)
#3 C:\wamp64\www\pos_project\app\Controllers\ArrayTest.php(55): view('product/product...', Array)
#4 C:\wamp64\www\pos_project\system\CodeIgniter.php(824): App\Controllers\ArrayTest->index()
#5 C:\wamp64\www\pos_project\system\CodeIgniter.php(410): CodeIgniter\CodeIgniter->runController(Object(App\Controllers\ArrayTest))
#6 C:\wamp64\www\pos_project\system\CodeIgniter.php(318): CodeIgniter\CodeIgniter->handleRequest(NULL, Object(Config\Cache), false)
#7 C:\wamp64\www\pos_project\public\index.php(37): CodeIgniter\CodeIgniter->run()
#8 C:\wamp64\www\pos_project\system\Commands\Server\rewrite.php(43): require_once('C:\\wamp64\\www\\p...')
#9 {main}
CRITICAL - 2022-01-09 04:51:04 --> Use of undefined constant id - assumed 'id' (this will throw an Error in a future version of PHP)
#0 C:\wamp64\www\pos_project\app\Views\product\productForm.php(70): CodeIgniter\Debug\Exceptions->errorHandler(2, 'Use of undefine...', 'C:\\wamp64\\www\\p...', 70, Array)
#1 C:\wamp64\www\pos_project\system\View\View.php(214): include('C:\\wamp64\\www\\p...')
#2 C:\wamp64\www\pos_project\system\View\View.php(217): CodeIgniter\View\View->CodeIgniter\View\{closure}()
#3 C:\wamp64\www\pos_project\system\Common.php(1097): CodeIgniter\View\View->render('product/product...', Array, true)
#4 C:\wamp64\www\pos_project\app\Controllers\ArrayTest.php(55): view('product/product...', Array)
#5 C:\wamp64\www\pos_project\system\CodeIgniter.php(824): App\Controllers\ArrayTest->index()
#6 C:\wamp64\www\pos_project\system\CodeIgniter.php(410): CodeIgniter\CodeIgniter->runController(Object(App\Controllers\ArrayTest))
#7 C:\wamp64\www\pos_project\system\CodeIgniter.php(318): CodeIgniter\CodeIgniter->handleRequest(NULL, Object(Config\Cache), false)
#8 C:\wamp64\www\pos_project\public\index.php(37): CodeIgniter\CodeIgniter->run()
#9 C:\wamp64\www\pos_project\system\Commands\Server\rewrite.php(43): require_once('C:\\wamp64\\www\\p...')
#10 {main}
CRITICAL - 2022-01-09 04:51:28 --> Cannot use object of type stdClass as array
#0 C:\wamp64\www\pos_project\system\View\View.php(214): include()
#1 C:\wamp64\www\pos_project\system\View\View.php(217): CodeIgniter\View\View->CodeIgniter\View\{closure}()
#2 C:\wamp64\www\pos_project\system\Common.php(1097): CodeIgniter\View\View->render('product/product...', Array, true)
#3 C:\wamp64\www\pos_project\app\Controllers\ArrayTest.php(55): view('product/product...', Array)
#4 C:\wamp64\www\pos_project\system\CodeIgniter.php(824): App\Controllers\ArrayTest->index()
#5 C:\wamp64\www\pos_project\system\CodeIgniter.php(410): CodeIgniter\CodeIgniter->runController(Object(App\Controllers\ArrayTest))
#6 C:\wamp64\www\pos_project\system\CodeIgniter.php(318): CodeIgniter\CodeIgniter->handleRequest(NULL, Object(Config\Cache), false)
#7 C:\wamp64\www\pos_project\public\index.php(37): CodeIgniter\CodeIgniter->run()
#8 C:\wamp64\www\pos_project\system\Commands\Server\rewrite.php(43): require_once('C:\\wamp64\\www\\p...')
#9 {main}
CRITICAL - 2022-01-09 04:51:57 --> Trying to get property 'productName' of non-object
#0 C:\wamp64\www\pos_project\app\Views\product\productForm.php(65): CodeIgniter\Debug\Exceptions->errorHandler(8, 'Trying to get p...', 'C:\\wamp64\\www\\p...', 65, Array)
#1 C:\wamp64\www\pos_project\system\View\View.php(214): include('C:\\wamp64\\www\\p...')
#2 C:\wamp64\www\pos_project\system\View\View.php(217): CodeIgniter\View\View->CodeIgniter\View\{closure}()
#3 C:\wamp64\www\pos_project\system\Common.php(1097): CodeIgniter\View\View->render('product/product...', Array, true)
#4 C:\wamp64\www\pos_project\app\Controllers\ArrayTest.php(55): view('product/product...', Array)
#5 C:\wamp64\www\pos_project\system\CodeIgniter.php(824): App\Controllers\ArrayTest->index()
#6 C:\wamp64\www\pos_project\system\CodeIgniter.php(410): CodeIgniter\CodeIgniter->runController(Object(App\Controllers\ArrayTest))
#7 C:\wamp64\www\pos_project\system\CodeIgniter.php(318): CodeIgniter\CodeIgniter->handleRequest(NULL, Object(Config\Cache), false)
#8 C:\wamp64\www\pos_project\public\index.php(37): CodeIgniter\CodeIgniter->run()
#9 C:\wamp64\www\pos_project\system\Commands\Server\rewrite.php(43): require_once('C:\\wamp64\\www\\p...')
#10 {main}
CRITICAL - 2022-01-09 05:32:28 --> Call to undefined method App\Models\ArrayTestModel::dalete
#0 C:\wamp64\www\pos_project\app\Controllers\ArrayTest.php(74): CodeIgniter\Model->__call('dalete', Array)
#1 C:\wamp64\www\pos_project\system\CodeIgniter.php(824): App\Controllers\ArrayTest->DataDelete('1')
#2 C:\wamp64\www\pos_project\system\CodeIgniter.php(410): CodeIgniter\CodeIgniter->runController(Object(App\Controllers\ArrayTest))
#3 C:\wamp64\www\pos_project\system\CodeIgniter.php(318): CodeIgniter\CodeIgniter->handleRequest(NULL, Object(Config\Cache), false)
#4 C:\wamp64\www\pos_project\public\index.php(37): CodeIgniter\CodeIgniter->run()
#5 C:\wamp64\www\pos_project\system\Commands\Server\rewrite.php(43): require_once('C:\\wamp64\\www\\p...')
#6 {main}
CRITICAL - 2022-01-09 05:40:28 --> Invalid file: productEdit.php
#0 C:\wamp64\www\pos_project\system\View\View.php(198): CodeIgniter\Exceptions\FrameworkException::forInvalidFile('productEdit.php')
#1 C:\wamp64\www\pos_project\system\Common.php(1097): CodeIgniter\View\View->render('productEdit', Array, true)
#2 C:\wamp64\www\pos_project\app\Controllers\ArrayTest.php(72): view('productEdit')
#3 C:\wamp64\www\pos_project\system\CodeIgniter.php(824): App\Controllers\ArrayTest->EditPage('3')
#4 C:\wamp64\www\pos_project\system\CodeIgniter.php(410): CodeIgniter\CodeIgniter->runController(Object(App\Controllers\ArrayTest))
#5 C:\wamp64\www\pos_project\system\CodeIgniter.php(318): CodeIgniter\CodeIgniter->handleRequest(NULL, Object(Config\Cache), false)
#6 C:\wamp64\www\pos_project\public\index.php(37): CodeIgniter\CodeIgniter->run()
#7 C:\wamp64\www\pos_project\system\Commands\Server\rewrite.php(43): require_once('C:\\wamp64\\www\\p...')
#8 {main}
CRITICAL - 2022-01-09 05:41:29 --> Invalid file: productEdit.php
#0 C:\wamp64\www\pos_project\system\View\View.php(198): CodeIgniter\Exceptions\FrameworkException::forInvalidFile('productEdit.php')
#1 C:\wamp64\www\pos_project\system\Common.php(1097): CodeIgniter\View\View->render('productEdit', Array, true)
#2 C:\wamp64\www\pos_project\app\Controllers\ArrayTest.php(72): view('productEdit')
#3 C:\wamp64\www\pos_project\system\CodeIgniter.php(824): App\Controllers\ArrayTest->EditPage()
#4 C:\wamp64\www\pos_project\system\CodeIgniter.php(410): CodeIgniter\CodeIgniter->runController(Object(App\Controllers\ArrayTest))
#5 C:\wamp64\www\pos_project\system\CodeIgniter.php(318): CodeIgniter\CodeIgniter->handleRequest(NULL, Object(Config\Cache), false)
#6 C:\wamp64\www\pos_project\public\index.php(37): CodeIgniter\CodeIgniter->run()
#7 C:\wamp64\www\pos_project\system\Commands\Server\rewrite.php(43): require_once('C:\\wamp64\\www\\p...')
#8 {main}
CRITICAL - 2022-01-09 05:50:48 --> Undefined variable: value
#0 C:\wamp64\www\pos_project\app\Controllers\ArrayTest.php(74): CodeIgniter\Debug\Exceptions->errorHandler(8, 'Undefined varia...', 'C:\\wamp64\\www\\p...', 74, Array)
#1 C:\wamp64\www\pos_project\system\CodeIgniter.php(824): App\Controllers\ArrayTest->EditPage('3')
#2 C:\wamp64\www\pos_project\system\CodeIgniter.php(410): CodeIgniter\CodeIgniter->runController(Object(App\Controllers\ArrayTest))
#3 C:\wamp64\www\pos_project\system\CodeIgniter.php(318): CodeIgniter\CodeIgniter->handleRequest(NULL, Object(Config\Cache), false)
#4 C:\wamp64\www\pos_project\public\index.php(37): CodeIgniter\CodeIgniter->run()
#5 C:\wamp64\www\pos_project\system\Commands\Server\rewrite.php(43): require_once('C:\\wamp64\\www\\p...')
#6 {main}
CRITICAL - 2022-01-09 05:51:22 --> Undefined index: productName
#0 C:\wamp64\www\pos_project\app\Controllers\ArrayTest.php(75): CodeIgniter\Debug\Exceptions->errorHandler(8, 'Undefined index...', 'C:\\wamp64\\www\\p...', 75, Array)
#1 C:\wamp64\www\pos_project\system\CodeIgniter.php(824): App\Controllers\ArrayTest->EditPage('3')
#2 C:\wamp64\www\pos_project\system\CodeIgniter.php(410): CodeIgniter\CodeIgniter->runController(Object(App\Controllers\ArrayTest))
#3 C:\wamp64\www\pos_project\system\CodeIgniter.php(318): CodeIgniter\CodeIgniter->handleRequest(NULL, Object(Config\Cache), false)
#4 C:\wamp64\www\pos_project\public\index.php(37): CodeIgniter\CodeIgniter->run()
#5 C:\wamp64\www\pos_project\system\Commands\Server\rewrite.php(43): require_once('C:\\wamp64\\www\\p...')
#6 {main}
CRITICAL - 2022-01-09 05:52:01 --> Undefined index: productName
#0 C:\wamp64\www\pos_project\app\Controllers\ArrayTest.php(75): CodeIgniter\Debug\Exceptions->errorHandler(8, 'Undefined index...', 'C:\\wamp64\\www\\p...', 75, Array)
#1 C:\wamp64\www\pos_project\system\CodeIgniter.php(824): App\Controllers\ArrayTest->EditPage('3')
#2 C:\wamp64\www\pos_project\system\CodeIgniter.php(410): CodeIgniter\CodeIgniter->runController(Object(App\Controllers\ArrayTest))
#3 C:\wamp64\www\pos_project\system\CodeIgniter.php(318): CodeIgniter\CodeIgniter->handleRequest(NULL, Object(Config\Cache), false)
#4 C:\wamp64\www\pos_project\public\index.php(37): CodeIgniter\CodeIgniter->run()
#5 C:\wamp64\www\pos_project\system\Commands\Server\rewrite.php(43): require_once('C:\\wamp64\\www\\p...')
#6 {main}
CRITICAL - 2022-01-09 05:55:34 --> Undefined index: productName
#0 C:\wamp64\www\pos_project\app\Controllers\ArrayTest.php(75): CodeIgniter\Debug\Exceptions->errorHandler(8, 'Undefined index...', 'C:\\wamp64\\www\\p...', 75, Array)
#1 C:\wamp64\www\pos_project\system\CodeIgniter.php(824): App\Controllers\ArrayTest->EditPage('3')
#2 C:\wamp64\www\pos_project\system\CodeIgniter.php(410): CodeIgniter\CodeIgniter->runController(Object(App\Controllers\ArrayTest))
#3 C:\wamp64\www\pos_project\system\CodeIgniter.php(318): CodeIgniter\CodeIgniter->handleRequest(NULL, Object(Config\Cache), false)
#4 C:\wamp64\www\pos_project\public\index.php(37): CodeIgniter\CodeIgniter->run()
#5 C:\wamp64\www\pos_project\system\Commands\Server\rewrite.php(43): require_once('C:\\wamp64\\www\\p...')
#6 {main}
CRITICAL - 2022-01-09 05:55:49 --> Undefined variable: id
#0 C:\wamp64\www\pos_project\app\Controllers\ArrayTest.php(73): CodeIgniter\Debug\Exceptions->errorHandler(8, 'Undefined varia...', 'C:\\wamp64\\www\\p...', 73, Array)
#1 C:\wamp64\www\pos_project\system\CodeIgniter.php(824): App\Controllers\ArrayTest->EditPage('3')
#2 C:\wamp64\www\pos_project\system\CodeIgniter.php(410): CodeIgniter\CodeIgniter->runController(Object(App\Controllers\ArrayTest))
#3 C:\wamp64\www\pos_project\system\CodeIgniter.php(318): CodeIgniter\CodeIgniter->handleRequest(NULL, Object(Config\Cache), false)
#4 C:\wamp64\www\pos_project\public\index.php(37): CodeIgniter\CodeIgniter->run()
#5 C:\wamp64\www\pos_project\system\Commands\Server\rewrite.php(43): require_once('C:\\wamp64\\www\\p...')
#6 {main}
CRITICAL - 2022-01-09 05:56:06 --> Undefined index: productName
#0 C:\wamp64\www\pos_project\app\Views\product\productEdit.php(16): CodeIgniter\Debug\Exceptions->errorHandler(8, 'Undefined index...', 'C:\\wamp64\\www\\p...', 16, Array)
#1 C:\wamp64\www\pos_project\system\View\View.php(214): include('C:\\wamp64\\www\\p...')
#2 C:\wamp64\www\pos_project\system\View\View.php(217): CodeIgniter\View\View->CodeIgniter\View\{closure}()
#3 C:\wamp64\www\pos_project\system\Common.php(1097): CodeIgniter\View\View->render('product/product...', Array, true)
#4 C:\wamp64\www\pos_project\app\Controllers\ArrayTest.php(74): view('product/product...', Array)
#5 C:\wamp64\www\pos_project\system\CodeIgniter.php(824): App\Controllers\ArrayTest->EditPage('3')
#6 C:\wamp64\www\pos_project\system\CodeIgniter.php(410): CodeIgniter\CodeIgniter->runController(Object(App\Controllers\ArrayTest))
#7 C:\wamp64\www\pos_project\system\CodeIgniter.php(318): CodeIgniter\CodeIgniter->handleRequest(NULL, Object(Config\Cache), false)
#8 C:\wamp64\www\pos_project\public\index.php(37): CodeIgniter\CodeIgniter->run()
#9 C:\wamp64\www\pos_project\system\Commands\Server\rewrite.php(43): require_once('C:\\wamp64\\www\\p...')
#10 {main}
CRITICAL - 2022-01-09 05:57:29 --> Undefined index: productName
#0 C:\wamp64\www\pos_project\app\Views\product\productEdit.php(16): CodeIgniter\Debug\Exceptions->errorHandler(8, 'Undefined index...', 'C:\\wamp64\\www\\p...', 16, Array)
#1 C:\wamp64\www\pos_project\system\View\View.php(214): include('C:\\wamp64\\www\\p...')
#2 C:\wamp64\www\pos_project\system\View\View.php(217): CodeIgniter\View\View->CodeIgniter\View\{closure}()
#3 C:\wamp64\www\pos_project\system\Common.php(1097): CodeIgniter\View\View->render('product/product...', Array, true)
#4 C:\wamp64\www\pos_project\app\Controllers\ArrayTest.php(74): view('product/product...', Array)
#5 C:\wamp64\www\pos_project\system\CodeIgniter.php(824): App\Controllers\ArrayTest->EditPage('3')
#6 C:\wamp64\www\pos_project\system\CodeIgniter.php(410): CodeIgniter\CodeIgniter->runController(Object(App\Controllers\ArrayTest))
#7 C:\wamp64\www\pos_project\system\CodeIgniter.php(318): CodeIgniter\CodeIgniter->handleRequest(NULL, Object(Config\Cache), false)
#8 C:\wamp64\www\pos_project\public\index.php(37): CodeIgniter\CodeIgniter->run()
#9 C:\wamp64\www\pos_project\system\Commands\Server\rewrite.php(43): require_once('C:\\wamp64\\www\\p...')
#10 {main}
CRITICAL - 2022-01-09 05:58:47 --> Undefined index: productName
#0 C:\wamp64\www\pos_project\app\Views\product\productEdit.php(16): CodeIgniter\Debug\Exceptions->errorHandler(8, 'Undefined index...', 'C:\\wamp64\\www\\p...', 16, Array)
#1 C:\wamp64\www\pos_project\system\View\View.php(214): include('C:\\wamp64\\www\\p...')
#2 C:\wamp64\www\pos_project\system\View\View.php(217): CodeIgniter\View\View->CodeIgniter\View\{closure}()
#3 C:\wamp64\www\pos_project\system\Common.php(1097): CodeIgniter\View\View->render('product/product...', Array, true)
#4 C:\wamp64\www\pos_project\app\Controllers\ArrayTest.php(74): view('product/product...', Array)
#5 C:\wamp64\www\pos_project\system\CodeIgniter.php(824): App\Controllers\ArrayTest->EditPage('2')
#6 C:\wamp64\www\pos_project\system\CodeIgniter.php(410): CodeIgniter\CodeIgniter->runController(Object(App\Controllers\ArrayTest))
#7 C:\wamp64\www\pos_project\system\CodeIgniter.php(318): CodeIgniter\CodeIgniter->handleRequest(NULL, Object(Config\Cache), false)
#8 C:\wamp64\www\pos_project\public\index.php(37): CodeIgniter\CodeIgniter->run()
#9 C:\wamp64\www\pos_project\system\Commands\Server\rewrite.php(43): require_once('C:\\wamp64\\www\\p...')
#10 {main}
CRITICAL - 2022-01-09 06:06:41 --> Undefined offset: 0
#0 C:\wamp64\www\pos_project\app\Controllers\ArrayTest.php(77): CodeIgniter\Debug\Exceptions->errorHandler(8, 'Undefined offse...', 'C:\\wamp64\\www\\p...', 77, Array)
#1 C:\wamp64\www\pos_project\system\CodeIgniter.php(824): App\Controllers\ArrayTest->EditPage('3')
#2 C:\wamp64\www\pos_project\system\CodeIgniter.php(410): CodeIgniter\CodeIgniter->runController(Object(App\Controllers\ArrayTest))
#3 C:\wamp64\www\pos_project\system\CodeIgniter.php(318): CodeIgniter\CodeIgniter->handleRequest(NULL, Object(Config\Cache), false)
#4 C:\wamp64\www\pos_project\public\index.php(37): CodeIgniter\CodeIgniter->run()
#5 C:\wamp64\www\pos_project\system\Commands\Server\rewrite.php(43): require_once('C:\\wamp64\\www\\p...')
#6 {main}
CRITICAL - 2022-01-09 06:11:49 --> Undefined index: productName
#0 C:\wamp64\www\pos_project\app\Views\product\productEdit.php(16): CodeIgniter\Debug\Exceptions->errorHandler(8, 'Undefined index...', 'C:\\wamp64\\www\\p...', 16, Array)
#1 C:\wamp64\www\pos_project\system\View\View.php(214): include('C:\\wamp64\\www\\p...')
#2 C:\wamp64\www\pos_project\system\View\View.php(217): CodeIgniter\View\View->CodeIgniter\View\{closure}()
#3 C:\wamp64\www\pos_project\system\Common.php(1097): CodeIgniter\View\View->render('product/product...', Array, true)
#4 C:\wamp64\www\pos_project\app\Controllers\ArrayTest.php(79): view('product/product...', Array)
#5 C:\wamp64\www\pos_project\system\CodeIgniter.php(824): App\Controllers\ArrayTest->EditPage('3')
#6 C:\wamp64\www\pos_project\system\CodeIgniter.php(410): CodeIgniter\CodeIgniter->runController(Object(App\Controllers\ArrayTest))
#7 C:\wamp64\www\pos_project\system\CodeIgniter.php(318): CodeIgniter\CodeIgniter->handleRequest(NULL, Object(Config\Cache), false)
#8 C:\wamp64\www\pos_project\public\index.php(37): CodeIgniter\CodeIgniter->run()
#9 C:\wamp64\www\pos_project\system\Commands\Server\rewrite.php(43): require_once('C:\\wamp64\\www\\p...')
#10 {main}
CRITICAL - 2022-01-09 06:12:51 --> Too few arguments to function App\Controllers\ArrayTest::EditPage(), 0 passed in C:\wamp64\www\pos_project\system\CodeIgniter.php on line 824 and exactly 1 expected
#0 C:\wamp64\www\pos_project\system\CodeIgniter.php(824): App\Controllers\ArrayTest->EditPage()
#1 C:\wamp64\www\pos_project\system\CodeIgniter.php(410): CodeIgniter\CodeIgniter->runController(Object(App\Controllers\ArrayTest))
#2 C:\wamp64\www\pos_project\system\CodeIgniter.php(318): CodeIgniter\CodeIgniter->handleRequest(NULL, Object(Config\Cache), false)
#3 C:\wamp64\www\pos_project\public\index.php(37): CodeIgniter\CodeIgniter->run()
#4 C:\wamp64\www\pos_project\system\Commands\Server\rewrite.php(43): require_once('C:\\wamp64\\www\\p...')
#5 {main}
CRITICAL - 2022-01-09 06:13:53 --> Undefined variable: arr
#0 C:\wamp64\www\pos_project\app\Views\product\productEdit.php(16): CodeIgniter\Debug\Exceptions->errorHandler(8, 'Undefined varia...', 'C:\\wamp64\\www\\p...', 16, Array)
#1 C:\wamp64\www\pos_project\system\View\View.php(214): include('C:\\wamp64\\www\\p...')
#2 C:\wamp64\www\pos_project\system\View\View.php(217): CodeIgniter\View\View->CodeIgniter\View\{closure}()
#3 C:\wamp64\www\pos_project\system\Common.php(1097): CodeIgniter\View\View->render('product/product...', Array, true)
#4 C:\wamp64\www\pos_project\app\Controllers\ArrayTest.php(82): view('product/product...', Array)
#5 C:\wamp64\www\pos_project\system\CodeIgniter.php(824): App\Controllers\ArrayTest->EditPage('3')
#6 C:\wamp64\www\pos_project\system\CodeIgniter.php(410): CodeIgniter\CodeIgniter->runController(Object(App\Controllers\ArrayTest))
#7 C:\wamp64\www\pos_project\system\CodeIgniter.php(318): CodeIgniter\CodeIgniter->handleRequest(NULL, Object(Config\Cache), false)
#8 C:\wamp64\www\pos_project\public\index.php(37): CodeIgniter\CodeIgniter->run()
#9 C:\wamp64\www\pos_project\system\Commands\Server\rewrite.php(43): require_once('C:\\wamp64\\www\\p...')
#10 {main}
CRITICAL - 2022-01-09 06:14:06 --> Undefined index: productName
#0 C:\wamp64\www\pos_project\app\Views\product\productEdit.php(16): CodeIgniter\Debug\Exceptions->errorHandler(8, 'Undefined index...', 'C:\\wamp64\\www\\p...', 16, Array)
#1 C:\wamp64\www\pos_project\system\View\View.php(214): include('C:\\wamp64\\www\\p...')
#2 C:\wamp64\www\pos_project\system\View\View.php(217): CodeIgniter\View\View->CodeIgniter\View\{closure}()
#3 C:\wamp64\www\pos_project\system\Common.php(1097): CodeIgniter\View\View->render('product/product...', Array, true)
#4 C:\wamp64\www\pos_project\app\Controllers\ArrayTest.php(82): view('product/product...', Array)
#5 C:\wamp64\www\pos_project\system\CodeIgniter.php(824): App\Controllers\ArrayTest->EditPage('3')
#6 C:\wamp64\www\pos_project\system\CodeIgniter.php(410): CodeIgniter\CodeIgniter->runController(Object(App\Controllers\ArrayTest))
#7 C:\wamp64\www\pos_project\system\CodeIgniter.php(318): CodeIgniter\CodeIgniter->handleRequest(NULL, Object(Config\Cache), false)
#8 C:\wamp64\www\pos_project\public\index.php(37): CodeIgniter\CodeIgniter->run()
#9 C:\wamp64\www\pos_project\system\Commands\Server\rewrite.php(43): require_once('C:\\wamp64\\www\\p...')
#10 {main}
CRITICAL - 2022-01-09 06:15:21 --> Undefined variable: data
#0 C:\wamp64\www\pos_project\app\Views\product\productEdit.php(16): CodeIgniter\Debug\Exceptions->errorHandler(8, 'Undefined varia...', 'C:\\wamp64\\www\\p...', 16, Array)
#1 C:\wamp64\www\pos_project\system\View\View.php(214): include('C:\\wamp64\\www\\p...')
#2 C:\wamp64\www\pos_project\system\View\View.php(217): CodeIgniter\View\View->CodeIgniter\View\{closure}()
#3 C:\wamp64\www\pos_project\system\Common.php(1097): CodeIgniter\View\View->render('product/product...', Array, true)
#4 C:\wamp64\www\pos_project\app\Controllers\ArrayTest.php(81): view('product/product...', Array)
#5 C:\wamp64\www\pos_project\system\CodeIgniter.php(824): App\Controllers\ArrayTest->EditPage('3')
#6 C:\wamp64\www\pos_project\system\CodeIgniter.php(410): CodeIgniter\CodeIgniter->runController(Object(App\Controllers\ArrayTest))
#7 C:\wamp64\www\pos_project\system\CodeIgniter.php(318): CodeIgniter\CodeIgniter->handleRequest(NULL, Object(Config\Cache), false)
#8 C:\wamp64\www\pos_project\public\index.php(37): CodeIgniter\CodeIgniter->run()
#9 C:\wamp64\www\pos_project\system\Commands\Server\rewrite.php(43): require_once('C:\\wamp64\\www\\p...')
#10 {main}
CRITICAL - 2022-01-09 06:15:36 --> Undefined index: productName
#0 C:\wamp64\www\pos_project\app\Views\product\productEdit.php(16): CodeIgniter\Debug\Exceptions->errorHandler(8, 'Undefined index...', 'C:\\wamp64\\www\\p...', 16, Array)
#1 C:\wamp64\www\pos_project\system\View\View.php(214): include('C:\\wamp64\\www\\p...')
#2 C:\wamp64\www\pos_project\system\View\View.php(217): CodeIgniter\View\View->CodeIgniter\View\{closure}()
#3 C:\wamp64\www\pos_project\system\Common.php(1097): CodeIgniter\View\View->render('product/product...', Array, true)
#4 C:\wamp64\www\pos_project\app\Controllers\ArrayTest.php(81): view('product/product...', Array)
#5 C:\wamp64\www\pos_project\system\CodeIgniter.php(824): App\Controllers\ArrayTest->EditPage('3')
#6 C:\wamp64\www\pos_project\system\CodeIgniter.php(410): CodeIgniter\CodeIgniter->runController(Object(App\Controllers\ArrayTest))
#7 C:\wamp64\www\pos_project\system\CodeIgniter.php(318): CodeIgniter\CodeIgniter->handleRequest(NULL, Object(Config\Cache), false)
#8 C:\wamp64\www\pos_project\public\index.php(37): CodeIgniter\CodeIgniter->run()
#9 C:\wamp64\www\pos_project\system\Commands\Server\rewrite.php(43): require_once('C:\\wamp64\\www\\p...')
#10 {main}
CRITICAL - 2022-01-09 06:16:53 --> Undefined index: productCode
#0 C:\wamp64\www\pos_project\app\Views\product\productEdit.php(22): CodeIgniter\Debug\Exceptions->errorHandler(8, 'Undefined index...', 'C:\\wamp64\\www\\p...', 22, Array)
#1 C:\wamp64\www\pos_project\system\View\View.php(214): include('C:\\wamp64\\www\\p...')
#2 C:\wamp64\www\pos_project\system\View\View.php(217): CodeIgniter\View\View->CodeIgniter\View\{closure}()
#3 C:\wamp64\www\pos_project\system\Common.php(1097): CodeIgniter\View\View->render('product/product...', Array, true)
#4 C:\wamp64\www\pos_project\app\Controllers\ArrayTest.php(81): view('product/product...', Array)
#5 C:\wamp64\www\pos_project\system\CodeIgniter.php(824): App\Controllers\ArrayTest->EditPage('3')
#6 C:\wamp64\www\pos_project\system\CodeIgniter.php(410): CodeIgniter\CodeIgniter->runController(Object(App\Controllers\ArrayTest))
#7 C:\wamp64\www\pos_project\system\CodeIgniter.php(318): CodeIgniter\CodeIgniter->handleRequest(NULL, Object(Config\Cache), false)
#8 C:\wamp64\www\pos_project\public\index.php(37): CodeIgniter\CodeIgniter->run()
#9 C:\wamp64\www\pos_project\system\Commands\Server\rewrite.php(43): require_once('C:\\wamp64\\www\\p...')
#10 {main}
CRITICAL - 2022-01-09 06:18:37 --> Undefined index: productName
#0 C:\wamp64\www\pos_project\app\Views\product\productEdit.php(16): CodeIgniter\Debug\Exceptions->errorHandler(8, 'Undefined index...', 'C:\\wamp64\\www\\p...', 16, Array)
#1 C:\wamp64\www\pos_project\system\View\View.php(214): include('C:\\wamp64\\www\\p...')
#2 C:\wamp64\www\pos_project\system\View\View.php(217): CodeIgniter\View\View->CodeIgniter\View\{closure}()
#3 C:\wamp64\www\pos_project\system\Common.php(1097): CodeIgniter\View\View->render('product/product...', Array, true)
#4 C:\wamp64\www\pos_project\app\Controllers\ArrayTest.php(81): view('product/product...', Array)
#5 C:\wamp64\www\pos_project\system\CodeIgniter.php(824): App\Controllers\ArrayTest->EditPage('3')
#6 C:\wamp64\www\pos_project\system\CodeIgniter.php(410): CodeIgniter\CodeIgniter->runController(Object(App\Controllers\ArrayTest))
#7 C:\wamp64\www\pos_project\system\CodeIgniter.php(318): CodeIgniter\CodeIgniter->handleRequest(NULL, Object(Config\Cache), false)
#8 C:\wamp64\www\pos_project\public\index.php(37): CodeIgniter\CodeIgniter->run()
#9 C:\wamp64\www\pos_project\system\Commands\Server\rewrite.php(43): require_once('C:\\wamp64\\www\\p...')
#10 {main}
CRITICAL - 2022-01-09 06:18:53 --> Undefined variable: arrayTestModel
#0 C:\wamp64\www\pos_project\app\Views\product\productEdit.php(16): CodeIgniter\Debug\Exceptions->errorHandler(8, 'Undefined varia...', 'C:\\wamp64\\www\\p...', 16, Array)
#1 C:\wamp64\www\pos_project\system\View\View.php(214): include('C:\\wamp64\\www\\p...')
#2 C:\wamp64\www\pos_project\system\View\View.php(217): CodeIgniter\View\View->CodeIgniter\View\{closure}()
#3 C:\wamp64\www\pos_project\system\Common.php(1097): CodeIgniter\View\View->render('product/product...', Array, true)
#4 C:\wamp64\www\pos_project\app\Controllers\ArrayTest.php(81): view('product/product...', Array)
#5 C:\wamp64\www\pos_project\system\CodeIgniter.php(824): App\Controllers\ArrayTest->EditPage('3')
#6 C:\wamp64\www\pos_project\system\CodeIgniter.php(410): CodeIgniter\CodeIgniter->runController(Object(App\Controllers\ArrayTest))
#7 C:\wamp64\www\pos_project\system\CodeIgniter.php(318): CodeIgniter\CodeIgniter->handleRequest(NULL, Object(Config\Cache), false)
#8 C:\wamp64\www\pos_project\public\index.php(37): CodeIgniter\CodeIgniter->run()
#9 C:\wamp64\www\pos_project\system\Commands\Server\rewrite.php(43): require_once('C:\\wamp64\\www\\p...')
#10 {main}
CRITICAL - 2022-01-09 06:19:35 --> Undefined variable: arrayTestModel
#0 C:\wamp64\www\pos_project\app\Views\product\productEdit.php(16): CodeIgniter\Debug\Exceptions->errorHandler(8, 'Undefined varia...', 'C:\\wamp64\\www\\p...', 16, Array)
#1 C:\wamp64\www\pos_project\system\View\View.php(214): include('C:\\wamp64\\www\\p...')
#2 C:\wamp64\www\pos_project\system\View\View.php(217): CodeIgniter\View\View->CodeIgniter\View\{closure}()
#3 C:\wamp64\www\pos_project\system\Common.php(1097): CodeIgniter\View\View->render('product/product...', Array, true)
#4 C:\wamp64\www\pos_project\app\Controllers\ArrayTest.php(81): view('product/product...', Array)
#5 C:\wamp64\www\pos_project\system\CodeIgniter.php(824): App\Controllers\ArrayTest->EditPage('3')
#6 C:\wamp64\www\pos_project\system\CodeIgniter.php(410): CodeIgniter\CodeIgniter->runController(Object(App\Controllers\ArrayTest))
#7 C:\wamp64\www\pos_project\system\CodeIgniter.php(318): CodeIgniter\CodeIgniter->handleRequest(NULL, Object(Config\Cache), false)
#8 C:\wamp64\www\pos_project\public\index.php(37): CodeIgniter\CodeIgniter->run()
#9 C:\wamp64\www\pos_project\system\Commands\Server\rewrite.php(43): require_once('C:\\wamp64\\www\\p...')
#10 {main}
CRITICAL - 2022-01-09 06:19:38 --> Undefined variable: arrayTestModel
#0 C:\wamp64\www\pos_project\app\Views\product\productEdit.php(16): CodeIgniter\Debug\Exceptions->errorHandler(8, 'Undefined varia...', 'C:\\wamp64\\www\\p...', 16, Array)
#1 C:\wamp64\www\pos_project\system\View\View.php(214): include('C:\\wamp64\\www\\p...')
#2 C:\wamp64\www\pos_project\system\View\View.php(217): CodeIgniter\View\View->CodeIgniter\View\{closure}()
#3 C:\wamp64\www\pos_project\system\Common.php(1097): CodeIgniter\View\View->render('product/product...', Array, true)
#4 C:\wamp64\www\pos_project\app\Controllers\ArrayTest.php(81): view('product/product...', Array)
#5 C:\wamp64\www\pos_project\system\CodeIgniter.php(824): App\Controllers\ArrayTest->EditPage('2')
#6 C:\wamp64\www\pos_project\system\CodeIgniter.php(410): CodeIgniter\CodeIgniter->runController(Object(App\Controllers\ArrayTest))
#7 C:\wamp64\www\pos_project\system\CodeIgniter.php(318): CodeIgniter\CodeIgniter->handleRequest(NULL, Object(Config\Cache), false)
#8 C:\wamp64\www\pos_project\public\index.php(37): CodeIgniter\CodeIgniter->run()
#9 C:\wamp64\www\pos_project\system\Commands\Server\rewrite.php(43): require_once('C:\\wamp64\\www\\p...')
#10 {main}
CRITICAL - 2022-01-09 06:22:50 --> Undefined variable: arrayTestModel
#0 C:\wamp64\www\pos_project\app\Views\product\productEdit.php(16): CodeIgniter\Debug\Exceptions->errorHandler(8, 'Undefined varia...', 'C:\\wamp64\\www\\p...', 16, Array)
#1 C:\wamp64\www\pos_project\system\View\View.php(214): include('C:\\wamp64\\www\\p...')
#2 C:\wamp64\www\pos_project\system\View\View.php(217): CodeIgniter\View\View->CodeIgniter\View\{closure}()
#3 C:\wamp64\www\pos_project\system\Common.php(1097): CodeIgniter\View\View->render('product/product...', Array, true)
#4 C:\wamp64\www\pos_project\app\Controllers\ArrayTest.php(81): view('product/product...', Array)
#5 C:\wamp64\www\pos_project\system\CodeIgniter.php(824): App\Controllers\ArrayTest->EditPage('3')
#6 C:\wamp64\www\pos_project\system\CodeIgniter.php(410): CodeIgniter\CodeIgniter->runController(Object(App\Controllers\ArrayTest))
#7 C:\wamp64\www\pos_project\system\CodeIgniter.php(318): CodeIgniter\CodeIgniter->handleRequest(NULL, Object(Config\Cache), false)
#8 C:\wamp64\www\pos_project\public\index.php(37): CodeIgniter\CodeIgniter->run()
#9 C:\wamp64\www\pos_project\system\Commands\Server\rewrite.php(43): require_once('C:\\wamp64\\www\\p...')
#10 {main}
CRITICAL - 2022-01-09 06:24:26 --> Undefined index: productName
#0 C:\wamp64\www\pos_project\app\Views\product\productEdit.php(16): CodeIgniter\Debug\Exceptions->errorHandler(8, 'Undefined index...', 'C:\\wamp64\\www\\p...', 16, Array)
#1 C:\wamp64\www\pos_project\system\View\View.php(214): include('C:\\wamp64\\www\\p...')
#2 C:\wamp64\www\pos_project\system\View\View.php(217): CodeIgniter\View\View->CodeIgniter\View\{closure}()
#3 C:\wamp64\www\pos_project\system\Common.php(1097): CodeIgniter\View\View->render('product/product...', Array, true)
#4 C:\wamp64\www\pos_project\app\Controllers\ArrayTest.php(80): view('product/product...', Array)
#5 C:\wamp64\www\pos_project\system\CodeIgniter.php(824): App\Controllers\ArrayTest->EditPage('3')
#6 C:\wamp64\www\pos_project\system\CodeIgniter.php(410): CodeIgniter\CodeIgniter->runController(Object(App\Controllers\ArrayTest))
#7 C:\wamp64\www\pos_project\system\CodeIgniter.php(318): CodeIgniter\CodeIgniter->handleRequest(NULL, Object(Config\Cache), false)
#8 C:\wamp64\www\pos_project\public\index.php(37): CodeIgniter\CodeIgniter->run()
#9 C:\wamp64\www\pos_project\system\Commands\Server\rewrite.php(43): require_once('C:\\wamp64\\www\\p...')
#10 {main}
CRITICAL - 2022-01-09 06:24:48 --> Trying to get property 'productName' of non-object
#0 C:\wamp64\www\pos_project\app\Views\product\productEdit.php(16): CodeIgniter\Debug\Exceptions->errorHandler(8, 'Trying to get p...', 'C:\\wamp64\\www\\p...', 16, Array)
#1 C:\wamp64\www\pos_project\system\View\View.php(214): include('C:\\wamp64\\www\\p...')
#2 C:\wamp64\www\pos_project\system\View\View.php(217): CodeIgniter\View\View->CodeIgniter\View\{closure}()
#3 C:\wamp64\www\pos_project\system\Common.php(1097): CodeIgniter\View\View->render('product/product...', Array, true)
#4 C:\wamp64\www\pos_project\app\Controllers\ArrayTest.php(80): view('product/product...', Array)
#5 C:\wamp64\www\pos_project\system\CodeIgniter.php(824): App\Controllers\ArrayTest->EditPage('3')
#6 C:\wamp64\www\pos_project\system\CodeIgniter.php(410): CodeIgniter\CodeIgniter->runController(Object(App\Controllers\ArrayTest))
#7 C:\wamp64\www\pos_project\system\CodeIgniter.php(318): CodeIgniter\CodeIgniter->handleRequest(NULL, Object(Config\Cache), false)
#8 C:\wamp64\www\pos_project\public\index.php(37): CodeIgniter\CodeIgniter->run()
#9 C:\wamp64\www\pos_project\system\Commands\Server\rewrite.php(43): require_once('C:\\wamp64\\www\\p...')
#10 {main}
CRITICAL - 2022-01-09 23:00:24 --> Trying to get property 'productName' of non-object
#0 C:\wamp64\www\pos_project\app\Views\product\productEdit.php(16): CodeIgniter\Debug\Exceptions->errorHandler(8, 'Trying to get p...', 'C:\\wamp64\\www\\p...', 16, Array)
#1 C:\wamp64\www\pos_project\system\View\View.php(214): include('C:\\wamp64\\www\\p...')
#2 C:\wamp64\www\pos_project\system\View\View.php(217): CodeIgniter\View\View->CodeIgniter\View\{closure}()
#3 C:\wamp64\www\pos_project\system\Common.php(1097): CodeIgniter\View\View->render('product/product...', Array, true)
#4 C:\wamp64\www\pos_project\app\Controllers\ArrayTest.php(55): view('product/product...', Array)
#5 C:\wamp64\www\pos_project\system\CodeIgniter.php(824): App\Controllers\ArrayTest->EditPage('3')
#6 C:\wamp64\www\pos_project\system\CodeIgniter.php(410): CodeIgniter\CodeIgniter->runController(Object(App\Controllers\ArrayTest))
#7 C:\wamp64\www\pos_project\system\CodeIgniter.php(318): CodeIgniter\CodeIgniter->handleRequest(NULL, Object(Config\Cache), false)
#8 C:\wamp64\www\pos_project\public\index.php(37): CodeIgniter\CodeIgniter->run()
#9 C:\wamp64\www\pos_project\system\Commands\Server\rewrite.php(43): require_once('C:\\wamp64\\www\\p...')
#10 {main}
CRITICAL - 2022-01-09 23:00:46 --> Undefined index: productName
#0 C:\wamp64\www\pos_project\app\Views\product\productEdit.php(16): CodeIgniter\Debug\Exceptions->errorHandler(8, 'Undefined index...', 'C:\\wamp64\\www\\p...', 16, Array)
#1 C:\wamp64\www\pos_project\system\View\View.php(214): include('C:\\wamp64\\www\\p...')
#2 C:\wamp64\www\pos_project\system\View\View.php(217): CodeIgniter\View\View->CodeIgniter\View\{closure}()
#3 C:\wamp64\www\pos_project\system\Common.php(1097): CodeIgniter\View\View->render('product/product...', Array, true)
#4 C:\wamp64\www\pos_project\app\Controllers\ArrayTest.php(55): view('product/product...', Array)
#5 C:\wamp64\www\pos_project\system\CodeIgniter.php(824): App\Controllers\ArrayTest->EditPage('3')
#6 C:\wamp64\www\pos_project\system\CodeIgniter.php(410): CodeIgniter\CodeIgniter->runController(Object(App\Controllers\ArrayTest))
#7 C:\wamp64\www\pos_project\system\CodeIgniter.php(318): CodeIgniter\CodeIgniter->handleRequest(NULL, Object(Config\Cache), false)
#8 C:\wamp64\www\pos_project\public\index.php(37): CodeIgniter\CodeIgniter->run()
#9 C:\wamp64\www\pos_project\system\Commands\Server\rewrite.php(43): require_once('C:\\wamp64\\www\\p...')
#10 {main}
CRITICAL - 2022-01-09 23:15:52 --> Undefined index: productName
#0 C:\wamp64\www\pos_project\app\Views\product\productEdit.php(16): CodeIgniter\Debug\Exceptions->errorHandler(8, 'Undefined index...', 'C:\\wamp64\\www\\p...', 16, Array)
#1 C:\wamp64\www\pos_project\system\View\View.php(214): include('C:\\wamp64\\www\\p...')
#2 C:\wamp64\www\pos_project\system\View\View.php(217): CodeIgniter\View\View->CodeIgniter\View\{closure}()
#3 C:\wamp64\www\pos_project\system\Common.php(1097): CodeIgniter\View\View->render('product/product...', Array, true)
#4 C:\wamp64\www\pos_project\app\Controllers\ArrayTest.php(55): view('product/product...', Array)
#5 C:\wamp64\www\pos_project\system\CodeIgniter.php(824): App\Controllers\ArrayTest->EditPage('3')
#6 C:\wamp64\www\pos_project\system\CodeIgniter.php(410): CodeIgniter\CodeIgniter->runController(Object(App\Controllers\ArrayTest))
#7 C:\wamp64\www\pos_project\system\CodeIgniter.php(318): CodeIgniter\CodeIgniter->handleRequest(NULL, Object(Config\Cache), false)
#8 C:\wamp64\www\pos_project\public\index.php(37): CodeIgniter\CodeIgniter->run()
#9 C:\wamp64\www\pos_project\system\Commands\Server\rewrite.php(43): require_once('C:\\wamp64\\www\\p...')
#10 {main}
CRITICAL - 2022-01-09 23:27:44 --> Undefined index: productName
#0 C:\wamp64\www\pos_project\app\Views\product\productEdit.php(16): CodeIgniter\Debug\Exceptions->errorHandler(8, 'Undefined index...', 'C:\\wamp64\\www\\p...', 16, Array)
#1 C:\wamp64\www\pos_project\system\View\View.php(214): include('C:\\wamp64\\www\\p...')
#2 C:\wamp64\www\pos_project\system\View\View.php(217): CodeIgniter\View\View->CodeIgniter\View\{closure}()
#3 C:\wamp64\www\pos_project\system\Common.php(1097): CodeIgniter\View\View->render('product/product...', Array, true)
#4 C:\wamp64\www\pos_project\app\Controllers\ArrayTest.php(55): view('product/product...', Array)
#5 C:\wamp64\www\pos_project\system\CodeIgniter.php(824): App\Controllers\ArrayTest->EditPage('3')
#6 C:\wamp64\www\pos_project\system\CodeIgniter.php(410): CodeIgniter\CodeIgniter->runController(Object(App\Controllers\ArrayTest))
#7 C:\wamp64\www\pos_project\system\CodeIgniter.php(318): CodeIgniter\CodeIgniter->handleRequest(NULL, Object(Config\Cache), false)
#8 C:\wamp64\www\pos_project\public\index.php(37): CodeIgniter\CodeIgniter->run()
#9 C:\wamp64\www\pos_project\system\Commands\Server\rewrite.php(43): require_once('C:\\wamp64\\www\\p...')
#10 {main}
CRITICAL - 2022-01-09 23:51:57 --> Undefined index: productName
#0 C:\wamp64\www\pos_project\app\Views\product\productEdit.php(16): CodeIgniter\Debug\Exceptions->errorHandler(8, 'Undefined index...', 'C:\\wamp64\\www\\p...', 16, Array)
#1 C:\wamp64\www\pos_project\system\View\View.php(214): include('C:\\wamp64\\www\\p...')
#2 C:\wamp64\www\pos_project\system\View\View.php(217): CodeIgniter\View\View->CodeIgniter\View\{closure}()
#3 C:\wamp64\www\pos_project\system\Common.php(1097): CodeIgniter\View\View->render('product/product...', Array, true)
#4 C:\wamp64\www\pos_project\app\Controllers\ArrayTest.php(55): view('product/product...', Array)
#5 C:\wamp64\www\pos_project\system\CodeIgniter.php(824): App\Controllers\ArrayTest->EditPage('3')
#6 C:\wamp64\www\pos_project\system\CodeIgniter.php(410): CodeIgniter\CodeIgniter->runController(Object(App\Controllers\ArrayTest))
#7 C:\wamp64\www\pos_project\system\CodeIgniter.php(318): CodeIgniter\CodeIgniter->handleRequest(NULL, Object(Config\Cache), false)
#8 C:\wamp64\www\pos_project\public\index.php(37): CodeIgniter\CodeIgniter->run()
#9 C:\wamp64\www\pos_project\system\Commands\Server\rewrite.php(43): require_once('C:\\wamp64\\www\\p...')
#10 {main}
CRITICAL - 2022-01-09 23:55:44 --> Undefined index: productName
#0 C:\wamp64\www\pos_project\app\Views\product\productEdit.php(16): CodeIgniter\Debug\Exceptions->errorHandler(8, 'Undefined index...', 'C:\\wamp64\\www\\p...', 16, Array)
#1 C:\wamp64\www\pos_project\system\View\View.php(214): include('C:\\wamp64\\www\\p...')
#2 C:\wamp64\www\pos_project\system\View\View.php(217): CodeIgniter\View\View->CodeIgniter\View\{closure}()
#3 C:\wamp64\www\pos_project\system\Common.php(1097): CodeIgniter\View\View->render('product/product...', Array, true)
#4 C:\wamp64\www\pos_project\app\Controllers\ArrayTest.php(55): view('product/product...', Array)
#5 C:\wamp64\www\pos_project\system\CodeIgniter.php(824): App\Controllers\ArrayTest->EditPage('3')
#6 C:\wamp64\www\pos_project\system\CodeIgniter.php(410): CodeIgniter\CodeIgniter->runController(Object(App\Controllers\ArrayTest))
#7 C:\wamp64\www\pos_project\system\CodeIgniter.php(318): CodeIgniter\CodeIgniter->handleRequest(NULL, Object(Config\Cache), false)
#8 C:\wamp64\www\pos_project\public\index.php(37): CodeIgniter\CodeIgniter->run()
#9 C:\wamp64\www\pos_project\system\Commands\Server\rewrite.php(43): require_once('C:\\wamp64\\www\\p...')
#10 {main}
